2018-10-18 23:43:27.343 [main] ERROR JSONHelper - com.google.gson.JsonSyntaxException: java.lang.NumberFormatException: For input string: "50s2"
2018-10-19 18:07:27.796 [AWT-EventQueue-0] ERROR ErrorHandler - null
java.awt.datatransfer.UnsupportedFlavorException: Unicode String
	at sun.awt.datatransfer.SunClipboard.getData(SunClipboard.java:220)
	at com.mercury.platform.core.ChatHelper.executeTradeMessage(ChatHelper.java:63)
	at com.mercury.platform.core.ChatHelper.lambda$subscribe$2(ChatHelper.java:148)
	at rx.internal.util.ActionSubscriber.onNext(ActionSubscriber.java:39)
	at rx.observers.SafeSubscriber.onNext(SafeSubscriber.java:134)
	at rx.subjects.PublishSubject$PublishSubjectProducer.onNext(PublishSubject.java:304)
	at rx.subjects.PublishSubject$PublishSubjectState.onNext(PublishSubject.java:219)
	at rx.subjects.PublishSubject.onNext(PublishSubject.java:72)
	at com.mercury.platform.shared.wh.WhisperHelperHandler.lambda$null$0(WhisperHelperHandler.java:15)
	at javax.swing.Timer.fireActionPerformed(Timer.java:313)
	at javax.swing.Timer$DoPostEvent.run(Timer.java:245)
	at java.awt.event.InvocationEvent.dispatch(InvocationEvent.java:311)
	at java.awt.EventQueue.dispatchEventImpl(EventQueue.java:756)
	at java.awt.EventQueue.access$500(EventQueue.java:97)
	at java.awt.EventQueue$3.run(EventQueue.java:709)
	at java.awt.EventQueue$3.run(EventQueue.java:703)
	at java.security.AccessController.doPrivileged(Native Method)
	at java.security.ProtectionDomain$JavaSecurityAccessImpl.doIntersectionPrivilege(ProtectionDomain.java:80)
	at java.awt.EventQueue.dispatchEvent(EventQueue.java:726)
	at java.awt.EventDispatchThread.pumpOneEventForFilters(EventDispatchThread.java:201)
	at java.awt.EventDispatchThread.pumpEventsForFilter(EventDispatchThread.java:116)
	at java.awt.EventDispatchThread.pumpEventsForHierarchy(EventDispatchThread.java:105)
	at java.awt.EventDispatchThread.pumpEvents(EventDispatchThread.java:101)
	at java.awt.EventDispatchThread.pumpEvents(EventDispatchThread.java:93)
	at java.awt.EventDispatchThread.run(EventDispatchThread.java:82)

2018-10-26 21:22:01.728 [AWT-EventQueue-0] ERROR ErrorHandler - null
java.lang.IllegalStateException: cannot open system clipboard
	at sun.awt.windows.WClipboard.openClipboard(Native Method)
	at sun.awt.windows.WClipboard.setContentsNative(WClipboard.java:75)
	at sun.awt.datatransfer.SunClipboard.setContents(SunClipboard.java:106)
	at com.mercury.platform.ui.components.panel.notification.controller.NotificationIncomingController.lambda$copyItemNameToClipboard$0(NotificationIncomingController.java:72)
	at javax.swing.Timer.fireActionPerformed(Timer.java:313)
	at javax.swing.Timer$DoPostEvent.run(Timer.java:245)
	at java.awt.event.InvocationEvent.dispatch(InvocationEvent.java:311)
	at java.awt.EventQueue.dispatchEventImpl(EventQueue.java:756)
	at java.awt.EventQueue.access$500(EventQueue.java:97)
	at java.awt.EventQueue$3.run(EventQueue.java:709)
	at java.awt.EventQueue$3.run(EventQueue.java:703)
	at java.security.AccessController.doPrivileged(Native Method)
	at java.security.ProtectionDomain$JavaSecurityAccessImpl.doIntersectionPrivilege(ProtectionDomain.java:80)
	at java.awt.EventQueue.dispatchEvent(EventQueue.java:726)
	at java.awt.EventDispatchThread.pumpOneEventForFilters(EventDispatchThread.java:201)
	at java.awt.EventDispatchThread.pumpEventsForFilter(EventDispatchThread.java:116)
	at java.awt.EventDispatchThread.pumpEventsForHierarchy(EventDispatchThread.java:105)
	at java.awt.EventDispatchThread.pumpEvents(EventDispatchThread.java:101)
	at java.awt.EventDispatchThread.pumpEvents(EventDispatchThread.java:93)
	at java.awt.EventDispatchThread.run(EventDispatchThread.java:82)

2018-11-01 19:02:05.693 [AWT-EventQueue-0] ERROR ErrorHandler - null
java.lang.IllegalStateException: cannot open system clipboard
	at sun.awt.windows.WClipboard.openClipboard(Native Method)
	at sun.awt.windows.WClipboard.setContentsNative(WClipboard.java:75)
	at sun.awt.datatransfer.SunClipboard.setContents(SunClipboard.java:106)
	at com.mercury.platform.ui.components.panel.notification.controller.NotificationIncomingController.lambda$copyItemNameToClipboard$0(NotificationIncomingController.java:72)
	at javax.swing.Timer.fireActionPerformed(Timer.java:313)
	at javax.swing.Timer$DoPostEvent.run(Timer.java:245)
	at java.awt.event.InvocationEvent.dispatch(InvocationEvent.java:311)
	at java.awt.EventQueue.dispatchEventImpl(EventQueue.java:756)
	at java.awt.EventQueue.access$500(EventQueue.java:97)
	at java.awt.EventQueue$3.run(EventQueue.java:709)
	at java.awt.EventQueue$3.run(EventQueue.java:703)
	at java.security.AccessController.doPrivileged(Native Method)
	at java.security.ProtectionDomain$JavaSecurityAccessImpl.doIntersectionPrivilege(ProtectionDomain.java:80)
	at java.awt.EventQueue.dispatchEvent(EventQueue.java:726)
	at java.awt.EventDispatchThread.pumpOneEventForFilters(EventDispatchThread.java:201)
	at java.awt.EventDispatchThread.pumpEventsForFilter(EventDispatchThread.java:116)
	at java.awt.EventDispatchThread.pumpEventsForHierarchy(EventDispatchThread.java:105)
	at java.awt.EventDispatchThread.pumpEvents(EventDispatchThread.java:101)
	at java.awt.EventDispatchThread.pumpEvents(EventDispatchThread.java:93)
	at java.awt.EventDispatchThread.run(EventDispatchThread.java:82)

2018-11-02 07:22:20.936 [AWT-EventQueue-0] ERROR ErrorHandler - null
java.awt.datatransfer.UnsupportedFlavorException: Unicode String
	at sun.awt.datatransfer.SunClipboard.getData(SunClipboard.java:220)
	at com.mercury.platform.core.ChatHelper.executeTradeMessage(ChatHelper.java:63)
	at com.mercury.platform.core.ChatHelper.lambda$subscribe$2(ChatHelper.java:148)
	at rx.internal.util.ActionSubscriber.onNext(ActionSubscriber.java:39)
	at rx.observers.SafeSubscriber.onNext(SafeSubscriber.java:134)
	at rx.subjects.PublishSubject$PublishSubjectProducer.onNext(PublishSubject.java:304)
	at rx.subjects.PublishSubject$PublishSubjectState.onNext(PublishSubject.java:219)
	at rx.subjects.PublishSubject.onNext(PublishSubject.java:72)
	at com.mercury.platform.shared.wh.WhisperHelperHandler.lambda$null$0(WhisperHelperHandler.java:15)
	at javax.swing.Timer.fireActionPerformed(Timer.java:313)
	at javax.swing.Timer$DoPostEvent.run(Timer.java:245)
	at java.awt.event.InvocationEvent.dispatch(InvocationEvent.java:311)
	at java.awt.EventQueue.dispatchEventImpl(EventQueue.java:756)
	at java.awt.EventQueue.access$500(EventQueue.java:97)
	at java.awt.EventQueue$3.run(EventQueue.java:709)
	at java.awt.EventQueue$3.run(EventQueue.java:703)
	at java.security.AccessController.doPrivileged(Native Method)
	at java.security.ProtectionDomain$JavaSecurityAccessImpl.doIntersectionPrivilege(ProtectionDomain.java:80)
	at java.awt.EventQueue.dispatchEvent(EventQueue.java:726)
	at java.awt.EventDispatchThread.pumpOneEventForFilters(EventDispatchThread.java:201)
	at java.awt.EventDispatchThread.pumpEventsForFilter(EventDispatchThread.java:116)
	at java.awt.EventDispatchThread.pumpEventsForHierarchy(EventDispatchThread.java:105)
	at java.awt.EventDispatchThread.pumpEvents(EventDispatchThread.java:101)
	at java.awt.EventDispatchThread.pumpEvents(EventDispatchThread.java:93)
	at java.awt.EventDispatchThread.run(EventDispatchThread.java:82)

2018-11-05 18:28:57.213 [AWT-EventQueue-0] ERROR ErrorHandler - null
java.lang.IllegalStateException: cannot open system clipboard
	at sun.awt.windows.WClipboard.openClipboard(Native Method)
	at sun.awt.windows.WClipboard.setContentsNative(WClipboard.java:75)
	at sun.awt.datatransfer.SunClipboard.setContents(SunClipboard.java:106)
	at com.mercury.platform.ui.components.panel.notification.controller.NotificationIncomingController.lambda$copyItemNameToClipboard$0(NotificationIncomingController.java:72)
	at javax.swing.Timer.fireActionPerformed(Timer.java:313)
	at javax.swing.Timer$DoPostEvent.run(Timer.java:245)
	at java.awt.event.InvocationEvent.dispatch(InvocationEvent.java:311)
	at java.awt.EventQueue.dispatchEventImpl(EventQueue.java:756)
	at java.awt.EventQueue.access$500(EventQueue.java:97)
	at java.awt.EventQueue$3.run(EventQueue.java:709)
	at java.awt.EventQueue$3.run(EventQueue.java:703)
	at java.security.AccessController.doPrivileged(Native Method)
	at java.security.ProtectionDomain$JavaSecurityAccessImpl.doIntersectionPrivilege(ProtectionDomain.java:80)
	at java.awt.EventQueue.dispatchEvent(EventQueue.java:726)
	at java.awt.EventDispatchThread.pumpOneEventForFilters(EventDispatchThread.java:201)
	at java.awt.EventDispatchThread.pumpEventsForFilter(EventDispatchThread.java:116)
	at java.awt.EventDispatchThread.pumpEventsForHierarchy(EventDispatchThread.java:105)
	at java.awt.EventDispatchThread.pumpEvents(EventDispatchThread.java:101)
	at java.awt.EventDispatchThread.pumpEvents(EventDispatchThread.java:93)
	at java.awt.EventDispatchThread.run(EventDispatchThread.java:82)

2018-12-09 07:19:55.556 [AWT-EventQueue-0] ERROR ErrorHandler - null
java.lang.IllegalStateException: cannot open system clipboard
	at sun.awt.windows.WClipboard.openClipboard(Native Method)
	at sun.awt.windows.WClipboard.setContentsNative(WClipboard.java:75)
	at sun.awt.datatransfer.SunClipboard.setContents(SunClipboard.java:106)
	at com.mercury.platform.ui.components.panel.notification.controller.NotificationIncomingController.lambda$copyItemNameToClipboard$0(NotificationIncomingController.java:72)
	at javax.swing.Timer.fireActionPerformed(Timer.java:313)
	at javax.swing.Timer$DoPostEvent.run(Timer.java:245)
	at java.awt.event.InvocationEvent.dispatch(InvocationEvent.java:311)
	at java.awt.EventQueue.dispatchEventImpl(EventQueue.java:756)
	at java.awt.EventQueue.access$500(EventQueue.java:97)
	at java.awt.EventQueue$3.run(EventQueue.java:709)
	at java.awt.EventQueue$3.run(EventQueue.java:703)
	at java.security.AccessController.doPrivileged(Native Method)
	at java.security.ProtectionDomain$JavaSecurityAccessImpl.doIntersectionPrivilege(ProtectionDomain.java:80)
	at java.awt.EventQueue.dispatchEvent(EventQueue.java:726)
	at java.awt.EventDispatchThread.pumpOneEventForFilters(EventDispatchThread.java:201)
	at java.awt.EventDispatchThread.pumpEventsForFilter(EventDispatchThread.java:116)
	at java.awt.EventDispatchThread.pumpEventsForHierarchy(EventDispatchThread.java:105)
	at java.awt.EventDispatchThread.pumpEvents(EventDispatchThread.java:101)
	at java.awt.EventDispatchThread.pumpEvents(EventDispatchThread.java:93)
	at java.awt.EventDispatchThread.run(EventDispatchThread.java:82)

2018-12-12 20:18:41.101 [AWT-EventQueue-0] ERROR ErrorHandler - null
java.lang.IllegalStateException: cannot open system clipboard
	at sun.awt.windows.WClipboard.openClipboard(Native Method)
	at sun.awt.windows.WClipboard.setContentsNative(WClipboard.java:75)
	at sun.awt.datatransfer.SunClipboard.setContents(SunClipboard.java:106)
	at com.mercury.platform.ui.components.panel.notification.controller.NotificationIncomingController.lambda$copyItemNameToClipboard$0(NotificationIncomingController.java:72)
	at javax.swing.Timer.fireActionPerformed(Timer.java:313)
	at javax.swing.Timer$DoPostEvent.run(Timer.java:245)
	at java.awt.event.InvocationEvent.dispatch(InvocationEvent.java:311)
	at java.awt.EventQueue.dispatchEventImpl(EventQueue.java:756)
	at java.awt.EventQueue.access$500(EventQueue.java:97)
	at java.awt.EventQueue$3.run(EventQueue.java:709)
	at java.awt.EventQueue$3.run(EventQueue.java:703)
	at java.security.AccessController.doPrivileged(Native Method)
	at java.security.ProtectionDomain$JavaSecurityAccessImpl.doIntersectionPrivilege(ProtectionDomain.java:80)
	at java.awt.EventQueue.dispatchEvent(EventQueue.java:726)
	at java.awt.EventDispatchThread.pumpOneEventForFilters(EventDispatchThread.java:201)
	at java.awt.EventDispatchThread.pumpEventsForFilter(EventDispatchThread.java:116)
	at java.awt.EventDispatchThread.pumpEventsForHierarchy(EventDispatchThread.java:105)
	at java.awt.EventDispatchThread.pumpEvents(EventDispatchThread.java:101)
	at java.awt.EventDispatchThread.pumpEvents(EventDispatchThread.java:93)
	at java.awt.EventDispatchThread.run(EventDispatchThread.java:82)

2018-12-14 07:04:58.290 [AWT-EventQueue-0] ERROR ErrorHandler - null
java.awt.datatransfer.UnsupportedFlavorException: Unicode String
	at sun.awt.datatransfer.SunClipboard.getData(SunClipboard.java:220)
	at com.mercury.platform.core.ChatHelper.executeTradeMessage(ChatHelper.java:63)
	at com.mercury.platform.core.ChatHelper.lambda$subscribe$2(ChatHelper.java:148)
	at rx.internal.util.ActionSubscriber.onNext(ActionSubscriber.java:39)
	at rx.observers.SafeSubscriber.onNext(SafeSubscriber.java:134)
	at rx.subjects.PublishSubject$PublishSubjectProducer.onNext(PublishSubject.java:304)
	at rx.subjects.PublishSubject$PublishSubjectState.onNext(PublishSubject.java:219)
	at rx.subjects.PublishSubject.onNext(PublishSubject.java:72)
	at com.mercury.platform.shared.wh.WhisperHelperHandler.lambda$null$0(WhisperHelperHandler.java:15)
	at javax.swing.Timer.fireActionPerformed(Timer.java:313)
	at javax.swing.Timer$DoPostEvent.run(Timer.java:245)
	at java.awt.event.InvocationEvent.dispatch(InvocationEvent.java:311)
	at java.awt.EventQueue.dispatchEventImpl(EventQueue.java:756)
	at java.awt.EventQueue.access$500(EventQueue.java:97)
	at java.awt.EventQueue$3.run(EventQueue.java:709)
	at java.awt.EventQueue$3.run(EventQueue.java:703)
	at java.security.AccessController.doPrivileged(Native Method)
	at java.security.ProtectionDomain$JavaSecurityAccessImpl.doIntersectionPrivilege(ProtectionDomain.java:80)
	at java.awt.EventQueue.dispatchEvent(EventQueue.java:726)
	at java.awt.EventDispatchThread.pumpOneEventForFilters(EventDispatchThread.java:201)
	at java.awt.EventDispatchThread.pumpEventsForFilter(EventDispatchThread.java:116)
	at java.awt.EventDispatchThread.pumpEventsForHierarchy(EventDispatchThread.java:105)
	at java.awt.EventDispatchThread.pumpEvents(EventDispatchThread.java:101)
	at java.awt.EventDispatchThread.pumpEvents(EventDispatchThread.java:93)
	at java.awt.EventDispatchThread.run(EventDispatchThread.java:82)

2018-12-14 09:33:54.969 [Thread-8] ERROR ErrorHandler - rx.exceptions.OnErrorNotImplementedException
	at rx.internal.util.InternalObservableUtils$ErrorNotImplementedAction.call(InternalObservableUtils.java:386)
	at rx.internal.util.InternalObservableUtils$ErrorNotImplementedAction.call(InternalObservableUtils.java:383)
	at rx.internal.util.ActionSubscriber.onError(ActionSubscriber.java:44)
	at rx.observers.SafeSubscriber._onError(SafeSubscriber.java:153)
	at rx.observers.SafeSubscriber.onError(SafeSubscriber.java:115)
	at rx.exceptions.Exceptions.throwOrReport(Exceptions.java:216)
	at rx.observers.SafeSubscriber.onNext(SafeSubscriber.java:139)
	at rx.subjects.PublishSubject$PublishSubjectProducer.onNext(PublishSubject.java:304)
	at rx.subjects.PublishSubject$PublishSubjectState.onNext(PublishSubject.java:219)
	at rx.subjects.PublishSubject.onNext(PublishSubject.java:72)
	at com.mercury.platform.core.utils.interceptor.PlainMessageInterceptor.process(PlainMessageInterceptor.java:38)
	at com.mercury.platform.core.utils.interceptor.MessageInterceptor.match(MessageInterceptor.java:17)
	at com.mercury.platform.core.utils.MessageFileHandler.lambda$null$2(MessageFileHandler.java:86)
	at java.util.ArrayList.forEach(ArrayList.java:1249)
	at com.mercury.platform.core.utils.MessageFileHandler.lambda$parse$3(MessageFileHandler.java:85)
	at java.util.ArrayList.forEach(ArrayList.java:1249)
	at com.mercury.platform.core.utils.MessageFileHandler.parse(MessageFileHandler.java:84)
	at com.mercury.platform.core.utils.FileMonitor$1.onFileChange(FileMonitor.java:43)
	at org.apache.commons.io.monitor.FileAlterationObserver.doMatch(FileAlterationObserver.java:410)
	at org.apache.commons.io.monitor.FileAlterationObserver.checkAndNotify(FileAlterationObserver.java:333)
	at org.apache.commons.io.monitor.FileAlterationObserver.checkAndNotify(FileAlterationObserver.java:303)
	at org.apache.commons.io.monitor.FileAlterationMonitor.run(FileAlterationMonitor.java:182)
	at java.lang.Thread.run(Thread.java:745)
Caused by: java.lang.NullPointerException
	at com.mercury.platform.ui.components.panel.notification.TradeOutNotificationPanel.lambda$subscribe$7(TradeOutNotificationPanel.java:85)
	at rx.internal.util.ActionSubscriber.onNext(ActionSubscriber.java:39)
	at rx.observers.SafeSubscriber.onNext(SafeSubscriber.java:134)
	... 16 more

2018-12-20 13:46:12.980 [AWT-EventQueue-0] ERROR ErrorHandler - null
java.lang.IllegalStateException: cannot open system clipboard
	at sun.awt.windows.WClipboard.openClipboard(Native Method)
	at sun.awt.windows.WClipboard.setContentsNative(WClipboard.java:75)
	at sun.awt.datatransfer.SunClipboard.setContents(SunClipboard.java:106)
	at com.mercury.platform.ui.components.panel.notification.controller.NotificationIncomingController.lambda$copyItemNameToClipboard$0(NotificationIncomingController.java:72)
	at javax.swing.Timer.fireActionPerformed(Timer.java:313)
	at javax.swing.Timer$DoPostEvent.run(Timer.java:245)
	at java.awt.event.InvocationEvent.dispatch(InvocationEvent.java:311)
	at java.awt.EventQueue.dispatchEventImpl(EventQueue.java:756)
	at java.awt.EventQueue.access$500(EventQueue.java:97)
	at java.awt.EventQueue$3.run(EventQueue.java:709)
	at java.awt.EventQueue$3.run(EventQueue.java:703)
	at java.security.AccessController.doPrivileged(Native Method)
	at java.security.ProtectionDomain$JavaSecurityAccessImpl.doIntersectionPrivilege(ProtectionDomain.java:80)
	at java.awt.EventQueue.dispatchEvent(EventQueue.java:726)
	at java.awt.EventDispatchThread.pumpOneEventForFilters(EventDispatchThread.java:201)
	at java.awt.EventDispatchThread.pumpEventsForFilter(EventDispatchThread.java:116)
	at java.awt.EventDispatchThread.pumpEventsForHierarchy(EventDispatchThread.java:105)
	at java.awt.EventDispatchThread.pumpEvents(EventDispatchThread.java:101)
	at java.awt.EventDispatchThread.pumpEvents(EventDispatchThread.java:93)
	at java.awt.EventDispatchThread.run(EventDispatchThread.java:82)

2019-03-16 09:12:39.400 [AWT-EventQueue-0] ERROR ErrorHandler - null
java.lang.IllegalStateException: cannot open system clipboard
	at sun.awt.windows.WClipboard.openClipboard(Native Method)
	at sun.awt.windows.WClipboard.setContentsNative(WClipboard.java:75)
	at sun.awt.datatransfer.SunClipboard.setContents(SunClipboard.java:106)
	at com.mercury.platform.ui.components.panel.notification.controller.NotificationIncomingController.lambda$copyItemNameToClipboard$0(NotificationIncomingController.java:72)
	at javax.swing.Timer.fireActionPerformed(Timer.java:313)
	at javax.swing.Timer$DoPostEvent.run(Timer.java:245)
	at java.awt.event.InvocationEvent.dispatch(InvocationEvent.java:311)
	at java.awt.EventQueue.dispatchEventImpl(EventQueue.java:756)
	at java.awt.EventQueue.access$500(EventQueue.java:97)
	at java.awt.EventQueue$3.run(EventQueue.java:709)
	at java.awt.EventQueue$3.run(EventQueue.java:703)
	at java.security.AccessController.doPrivileged(Native Method)
	at java.security.ProtectionDomain$JavaSecurityAccessImpl.doIntersectionPrivilege(ProtectionDomain.java:80)
	at java.awt.EventQueue.dispatchEvent(EventQueue.java:726)
	at java.awt.EventDispatchThread.pumpOneEventForFilters(EventDispatchThread.java:201)
	at java.awt.EventDispatchThread.pumpEventsForFilter(EventDispatchThread.java:116)
	at java.awt.EventDispatchThread.pumpEventsForHierarchy(EventDispatchThread.java:105)
	at java.awt.EventDispatchThread.pumpEvents(EventDispatchThread.java:101)
	at java.awt.EventDispatchThread.pumpEvents(EventDispatchThread.java:93)
	at java.awt.EventDispatchThread.run(EventDispatchThread.java:82)

2019-03-17 05:59:32.903 [AWT-EventQueue-0] ERROR ErrorHandler - null
java.lang.IllegalStateException: cannot open system clipboard
	at sun.awt.windows.WClipboard.openClipboard(Native Method)
	at sun.awt.windows.WClipboard.setContentsNative(WClipboard.java:75)
	at sun.awt.datatransfer.SunClipboard.setContents(SunClipboard.java:106)
	at com.mercury.platform.ui.components.panel.notification.controller.NotificationIncomingController.lambda$copyItemNameToClipboard$0(NotificationIncomingController.java:72)
	at javax.swing.Timer.fireActionPerformed(Timer.java:313)
	at javax.swing.Timer$DoPostEvent.run(Timer.java:245)
	at java.awt.event.InvocationEvent.dispatch(InvocationEvent.java:311)
	at java.awt.EventQueue.dispatchEventImpl(EventQueue.java:756)
	at java.awt.EventQueue.access$500(EventQueue.java:97)
	at java.awt.EventQueue$3.run(EventQueue.java:709)
	at java.awt.EventQueue$3.run(EventQueue.java:703)
	at java.security.AccessController.doPrivileged(Native Method)
	at java.security.ProtectionDomain$JavaSecurityAccessImpl.doIntersectionPrivilege(ProtectionDomain.java:80)
	at java.awt.EventQueue.dispatchEvent(EventQueue.java:726)
	at java.awt.EventDispatchThread.pumpOneEventForFilters(EventDispatchThread.java:201)
	at java.awt.EventDispatchThread.pumpEventsForFilter(EventDispatchThread.java:116)
	at java.awt.EventDispatchThread.pumpEventsForHierarchy(EventDispatchThread.java:105)
	at java.awt.EventDispatchThread.pumpEvents(EventDispatchThread.java:101)
	at java.awt.EventDispatchThread.pumpEvents(EventDispatchThread.java:93)
	at java.awt.EventDispatchThread.run(EventDispatchThread.java:82)

2019-03-17 09:55:20.325 [AWT-EventQueue-0] ERROR ErrorHandler - null
java.lang.IllegalStateException: cannot open system clipboard
	at sun.awt.windows.WClipboard.openClipboard(Native Method)
	at sun.awt.windows.WClipboard.setContentsNative(WClipboard.java:75)
	at sun.awt.datatransfer.SunClipboard.setContents(SunClipboard.java:106)
	at com.mercury.platform.ui.components.panel.notification.controller.NotificationIncomingController.lambda$copyItemNameToClipboard$0(NotificationIncomingController.java:72)
	at javax.swing.Timer.fireActionPerformed(Timer.java:313)
	at javax.swing.Timer$DoPostEvent.run(Timer.java:245)
	at java.awt.event.InvocationEvent.dispatch(InvocationEvent.java:311)
	at java.awt.EventQueue.dispatchEventImpl(EventQueue.java:756)
	at java.awt.EventQueue.access$500(EventQueue.java:97)
	at java.awt.EventQueue$3.run(EventQueue.java:709)
	at java.awt.EventQueue$3.run(EventQueue.java:703)
	at java.security.AccessController.doPrivileged(Native Method)
	at java.security.ProtectionDomain$JavaSecurityAccessImpl.doIntersectionPrivilege(ProtectionDomain.java:80)
	at java.awt.EventQueue.dispatchEvent(EventQueue.java:726)
	at java.awt.EventDispatchThread.pumpOneEventForFilters(EventDispatchThread.java:201)
	at java.awt.EventDispatchThread.pumpEventsForFilter(EventDispatchThread.java:116)
	at java.awt.EventDispatchThread.pumpEventsForHierarchy(EventDispatchThread.java:105)
	at java.awt.EventDispatchThread.pumpEvents(EventDispatchThread.java:101)
	at java.awt.EventDispatchThread.pumpEvents(EventDispatchThread.java:93)
	at java.awt.EventDispatchThread.run(EventDispatchThread.java:82)

2019-03-24 04:32:33.903 [Thread-7] ERROR ErrorHandler - rx.exceptions.OnErrorNotImplementedException
	at rx.internal.util.InternalObservableUtils$ErrorNotImplementedAction.call(InternalObservableUtils.java:386)
	at rx.internal.util.InternalObservableUtils$ErrorNotImplementedAction.call(InternalObservableUtils.java:383)
	at rx.internal.util.ActionSubscriber.onError(ActionSubscriber.java:44)
	at rx.observers.SafeSubscriber._onError(SafeSubscriber.java:153)
	at rx.observers.SafeSubscriber.onError(SafeSubscriber.java:115)
	at rx.exceptions.Exceptions.throwOrReport(Exceptions.java:216)
	at rx.observers.SafeSubscriber.onNext(SafeSubscriber.java:139)
	at rx.subjects.PublishSubject$PublishSubjectProducer.onNext(PublishSubject.java:304)
	at rx.subjects.PublishSubject$PublishSubjectState.onNext(PublishSubject.java:219)
	at rx.subjects.PublishSubject.onNext(PublishSubject.java:72)
	at com.mercury.platform.core.utils.interceptor.PlayerInaccessibleInterceptor.process(PlayerInaccessibleInterceptor.java:24)
	at com.mercury.platform.core.utils.interceptor.MessageInterceptor.match(MessageInterceptor.java:17)
	at com.mercury.platform.core.utils.MessageFileHandler.lambda$null$2(MessageFileHandler.java:86)
	at java.util.ArrayList.forEach(ArrayList.java:1249)
	at com.mercury.platform.core.utils.MessageFileHandler.lambda$parse$3(MessageFileHandler.java:85)
	at java.util.ArrayList.forEach(ArrayList.java:1249)
	at com.mercury.platform.core.utils.MessageFileHandler.parse(MessageFileHandler.java:84)
	at com.mercury.platform.core.utils.FileMonitor$1.onFileChange(FileMonitor.java:43)
	at org.apache.commons.io.monitor.FileAlterationObserver.doMatch(FileAlterationObserver.java:410)
	at org.apache.commons.io.monitor.FileAlterationObserver.checkAndNotify(FileAlterationObserver.java:333)
	at org.apache.commons.io.monitor.FileAlterationObserver.checkAndNotify(FileAlterationObserver.java:303)
	at org.apache.commons.io.monitor.FileAlterationMonitor.run(FileAlterationMonitor.java:182)
	at java.lang.Thread.run(Thread.java:745)
Caused by: java.lang.NullPointerException
	at com.mercury.platform.ui.components.panel.notification.TradeOutNotificationPanel.lambda$subscribe$7(TradeOutNotificationPanel.java:85)
	at rx.internal.util.ActionSubscriber.onNext(ActionSubscriber.java:39)
	at rx.observers.SafeSubscriber.onNext(SafeSubscriber.java:134)
	... 16 more

2019-04-07 03:34:38.593 [Thread-8] ERROR ErrorHandler - java.lang.NullPointerException
	at com.mercury.platform.core.utils.interceptor.TradeOutMessagesInterceptor$EngOutLocalizationMatcher.getDescriptor(TradeOutMessagesInterceptor.java:90)
	at com.mercury.platform.core.utils.interceptor.TradeOutMessagesInterceptor$LocalizationMatcher.processMessage(TradeOutMessagesInterceptor.java:66)
	at com.mercury.platform.core.utils.interceptor.TradeOutMessagesInterceptor.process(TradeOutMessagesInterceptor.java:39)
	at com.mercury.platform.core.utils.interceptor.MessageInterceptor.match(MessageInterceptor.java:17)
	at com.mercury.platform.core.utils.MessageFileHandler.lambda$null$2(MessageFileHandler.java:86)
	at java.util.ArrayList.forEach(ArrayList.java:1249)
	at com.mercury.platform.core.utils.MessageFileHandler.lambda$parse$3(MessageFileHandler.java:85)
	at java.util.ArrayList.forEach(ArrayList.java:1249)
	at com.mercury.platform.core.utils.MessageFileHandler.parse(MessageFileHandler.java:84)
	at com.mercury.platform.core.utils.FileMonitor$1.onFileChange(FileMonitor.java:43)
	at org.apache.commons.io.monitor.FileAlterationObserver.doMatch(FileAlterationObserver.java:410)
	at org.apache.commons.io.monitor.FileAlterationObserver.checkAndNotify(FileAlterationObserver.java:333)
	at org.apache.commons.io.monitor.FileAlterationObserver.checkAndNotify(FileAlterationObserver.java:303)
	at org.apache.commons.io.monitor.FileAlterationMonitor.run(FileAlterationMonitor.java:182)
	at java.lang.Thread.run(Thread.java:745)

2019-04-07 03:37:28.067 [Thread-8] ERROR ErrorHandler - java.lang.NullPointerException
	at com.mercury.platform.core.utils.interceptor.TradeOutMessagesInterceptor$EngOutLocalizationMatcher.getDescriptor(TradeOutMessagesInterceptor.java:90)
	at com.mercury.platform.core.utils.interceptor.TradeOutMessagesInterceptor$LocalizationMatcher.processMessage(TradeOutMessagesInterceptor.java:66)
	at com.mercury.platform.core.utils.interceptor.TradeOutMessagesInterceptor.process(TradeOutMessagesInterceptor.java:39)
	at com.mercury.platform.core.utils.interceptor.MessageInterceptor.match(MessageInterceptor.java:17)
	at com.mercury.platform.core.utils.MessageFileHandler.lambda$null$2(MessageFileHandler.java:86)
	at java.util.ArrayList.forEach(ArrayList.java:1249)
	at com.mercury.platform.core.utils.MessageFileHandler.lambda$parse$3(MessageFileHandler.java:85)
	at java.util.ArrayList.forEach(ArrayList.java:1249)
	at com.mercury.platform.core.utils.MessageFileHandler.parse(MessageFileHandler.java:84)
	at com.mercury.platform.core.utils.FileMonitor$1.onFileChange(FileMonitor.java:43)
	at org.apache.commons.io.monitor.FileAlterationObserver.doMatch(FileAlterationObserver.java:410)
	at org.apache.commons.io.monitor.FileAlterationObserver.checkAndNotify(FileAlterationObserver.java:333)
	at org.apache.commons.io.monitor.FileAlterationObserver.checkAndNotify(FileAlterationObserver.java:303)
	at org.apache.commons.io.monitor.FileAlterationMonitor.run(FileAlterationMonitor.java:182)
	at java.lang.Thread.run(Thread.java:745)

2019-04-07 17:28:22.621 [AWT-EventQueue-0] ERROR ErrorHandler - null
java.awt.datatransfer.UnsupportedFlavorException: Unicode String
	at sun.awt.datatransfer.SunClipboard.getData(SunClipboard.java:220)
	at com.mercury.platform.core.ChatHelper.executeTradeMessage(ChatHelper.java:63)
	at com.mercury.platform.core.ChatHelper.lambda$subscribe$2(ChatHelper.java:148)
	at rx.internal.util.ActionSubscriber.onNext(ActionSubscriber.java:39)
	at rx.observers.SafeSubscriber.onNext(SafeSubscriber.java:134)
	at rx.subjects.PublishSubject$PublishSubjectProducer.onNext(PublishSubject.java:304)
	at rx.subjects.PublishSubject$PublishSubjectState.onNext(PublishSubject.java:219)
	at rx.subjects.PublishSubject.onNext(PublishSubject.java:72)
	at com.mercury.platform.shared.wh.WhisperHelperHandler.lambda$null$0(WhisperHelperHandler.java:15)
	at javax.swing.Timer.fireActionPerformed(Timer.java:313)
	at javax.swing.Timer$DoPostEvent.run(Timer.java:245)
	at java.awt.event.InvocationEvent.dispatch(InvocationEvent.java:311)
	at java.awt.EventQueue.dispatchEventImpl(EventQueue.java:756)
	at java.awt.EventQueue.access$500(EventQueue.java:97)
	at java.awt.EventQueue$3.run(EventQueue.java:709)
	at java.awt.EventQueue$3.run(EventQueue.java:703)
	at java.security.AccessController.doPrivileged(Native Method)
	at java.security.ProtectionDomain$JavaSecurityAccessImpl.doIntersectionPrivilege(ProtectionDomain.java:80)
	at java.awt.EventQueue.dispatchEvent(EventQueue.java:726)
	at java.awt.EventDispatchThread.pumpOneEventForFilters(EventDispatchThread.java:201)
	at java.awt.EventDispatchThread.pumpEventsForFilter(EventDispatchThread.java:116)
	at java.awt.EventDispatchThread.pumpEventsForHierarchy(EventDispatchThread.java:105)
	at java.awt.EventDispatchThread.pumpEvents(EventDispatchThread.java:101)
	at java.awt.EventDispatchThread.pumpEvents(EventDispatchThread.java:93)
	at java.awt.EventDispatchThread.run(EventDispatchThread.java:82)

2019-04-08 01:33:44.517 [Thread-7] ERROR ErrorHandler - java.lang.NullPointerException
	at com.mercury.platform.core.utils.interceptor.TradeOutMessagesInterceptor$EngOutLocalizationMatcher.getDescriptor(TradeOutMessagesInterceptor.java:90)
	at com.mercury.platform.core.utils.interceptor.TradeOutMessagesInterceptor$LocalizationMatcher.processMessage(TradeOutMessagesInterceptor.java:66)
	at com.mercury.platform.core.utils.interceptor.TradeOutMessagesInterceptor.process(TradeOutMessagesInterceptor.java:39)
	at com.mercury.platform.core.utils.interceptor.MessageInterceptor.match(MessageInterceptor.java:17)
	at com.mercury.platform.core.utils.MessageFileHandler.lambda$null$2(MessageFileHandler.java:86)
	at java.util.ArrayList.forEach(ArrayList.java:1249)
	at com.mercury.platform.core.utils.MessageFileHandler.lambda$parse$3(MessageFileHandler.java:85)
	at java.util.ArrayList.forEach(ArrayList.java:1249)
	at com.mercury.platform.core.utils.MessageFileHandler.parse(MessageFileHandler.java:84)
	at com.mercury.platform.core.utils.FileMonitor$1.onFileChange(FileMonitor.java:43)
	at org.apache.commons.io.monitor.FileAlterationObserver.doMatch(FileAlterationObserver.java:410)
	at org.apache.commons.io.monitor.FileAlterationObserver.checkAndNotify(FileAlterationObserver.java:333)
	at org.apache.commons.io.monitor.FileAlterationObserver.checkAndNotify(FileAlterationObserver.java:303)
	at org.apache.commons.io.monitor.FileAlterationMonitor.run(FileAlterationMonitor.java:182)
	at java.lang.Thread.run(Thread.java:745)

2019-04-13 10:29:59.262 [AWT-EventQueue-0] ERROR ErrorHandler - null
java.awt.datatransfer.UnsupportedFlavorException: Unicode String
	at sun.awt.datatransfer.SunClipboard.getData(SunClipboard.java:220)
	at com.mercury.platform.core.ChatHelper.executeTradeMessage(ChatHelper.java:63)
	at com.mercury.platform.core.ChatHelper.lambda$subscribe$2(ChatHelper.java:148)
	at rx.internal.util.ActionSubscriber.onNext(ActionSubscriber.java:39)
	at rx.observers.SafeSubscriber.onNext(SafeSubscriber.java:134)
	at rx.subjects.PublishSubject$PublishSubjectProducer.onNext(PublishSubject.java:304)
	at rx.subjects.PublishSubject$PublishSubjectState.onNext(PublishSubject.java:219)
	at rx.subjects.PublishSubject.onNext(PublishSubject.java:72)
	at com.mercury.platform.shared.wh.WhisperHelperHandler.lambda$null$0(WhisperHelperHandler.java:15)
	at javax.swing.Timer.fireActionPerformed(Timer.java:313)
	at javax.swing.Timer$DoPostEvent.run(Timer.java:245)
	at java.awt.event.InvocationEvent.dispatch(InvocationEvent.java:311)
	at java.awt.EventQueue.dispatchEventImpl(EventQueue.java:756)
	at java.awt.EventQueue.access$500(EventQueue.java:97)
	at java.awt.EventQueue$3.run(EventQueue.java:709)
	at java.awt.EventQueue$3.run(EventQueue.java:703)
	at java.security.AccessController.doPrivileged(Native Method)
	at java.security.ProtectionDomain$JavaSecurityAccessImpl.doIntersectionPrivilege(ProtectionDomain.java:80)
	at java.awt.EventQueue.dispatchEvent(EventQueue.java:726)
	at java.awt.EventDispatchThread.pumpOneEventForFilters(EventDispatchThread.java:201)
	at java.awt.EventDispatchThread.pumpEventsForFilter(EventDispatchThread.java:116)
	at java.awt.EventDispatchThread.pumpEventsForHierarchy(EventDispatchThread.java:105)
	at java.awt.EventDispatchThread.pumpEvents(EventDispatchThread.java:101)
	at java.awt.EventDispatchThread.pumpEvents(EventDispatchThread.java:93)
	at java.awt.EventDispatchThread.run(EventDispatchThread.java:82)

2019-04-13 10:29:59.595 [AWT-EventQueue-0] ERROR ErrorHandler - null
java.awt.datatransfer.UnsupportedFlavorException: Unicode String
	at sun.awt.datatransfer.SunClipboard.getData(SunClipboard.java:220)
	at com.mercury.platform.core.ChatHelper.executeTradeMessage(ChatHelper.java:63)
	at com.mercury.platform.core.ChatHelper.lambda$subscribe$2(ChatHelper.java:148)
	at rx.internal.util.ActionSubscriber.onNext(ActionSubscriber.java:39)
	at rx.observers.SafeSubscriber.onNext(SafeSubscriber.java:134)
	at rx.subjects.PublishSubject$PublishSubjectProducer.onNext(PublishSubject.java:304)
	at rx.subjects.PublishSubject$PublishSubjectState.onNext(PublishSubject.java:219)
	at rx.subjects.PublishSubject.onNext(PublishSubject.java:72)
	at com.mercury.platform.shared.wh.WhisperHelperHandler.lambda$null$0(WhisperHelperHandler.java:15)
	at javax.swing.Timer.fireActionPerformed(Timer.java:313)
	at javax.swing.Timer$DoPostEvent.run(Timer.java:245)
	at java.awt.event.InvocationEvent.dispatch(InvocationEvent.java:311)
	at java.awt.EventQueue.dispatchEventImpl(EventQueue.java:756)
	at java.awt.EventQueue.access$500(EventQueue.java:97)
	at java.awt.EventQueue$3.run(EventQueue.java:709)
	at java.awt.EventQueue$3.run(EventQueue.java:703)
	at java.security.AccessController.doPrivileged(Native Method)
	at java.security.ProtectionDomain$JavaSecurityAccessImpl.doIntersectionPrivilege(ProtectionDomain.java:80)
	at java.awt.EventQueue.dispatchEvent(EventQueue.java:726)
	at java.awt.EventDispatchThread.pumpOneEventForFilters(EventDispatchThread.java:201)
	at java.awt.EventDispatchThread.pumpEventsForFilter(EventDispatchThread.java:116)
	at java.awt.EventDispatchThread.pumpEventsForHierarchy(EventDispatchThread.java:105)
	at java.awt.EventDispatchThread.pumpEvents(EventDispatchThread.java:101)
	at java.awt.EventDispatchThread.pumpEvents(EventDispatchThread.java:93)
	at java.awt.EventDispatchThread.run(EventDispatchThread.java:82)

2019-04-13 10:29:59.847 [AWT-EventQueue-0] ERROR ErrorHandler - null
java.awt.datatransfer.UnsupportedFlavorException: Unicode String
	at sun.awt.datatransfer.SunClipboard.getData(SunClipboard.java:220)
	at com.mercury.platform.core.ChatHelper.executeTradeMessage(ChatHelper.java:63)
	at com.mercury.platform.core.ChatHelper.lambda$subscribe$2(ChatHelper.java:148)
	at rx.internal.util.ActionSubscriber.onNext(ActionSubscriber.java:39)
	at rx.observers.SafeSubscriber.onNext(SafeSubscriber.java:134)
	at rx.subjects.PublishSubject$PublishSubjectProducer.onNext(PublishSubject.java:304)
	at rx.subjects.PublishSubject$PublishSubjectState.onNext(PublishSubject.java:219)
	at rx.subjects.PublishSubject.onNext(PublishSubject.java:72)
	at com.mercury.platform.shared.wh.WhisperHelperHandler.lambda$null$0(WhisperHelperHandler.java:15)
	at javax.swing.Timer.fireActionPerformed(Timer.java:313)
	at javax.swing.Timer$DoPostEvent.run(Timer.java:245)
	at java.awt.event.InvocationEvent.dispatch(InvocationEvent.java:311)
	at java.awt.EventQueue.dispatchEventImpl(EventQueue.java:756)
	at java.awt.EventQueue.access$500(EventQueue.java:97)
	at java.awt.EventQueue$3.run(EventQueue.java:709)
	at java.awt.EventQueue$3.run(EventQueue.java:703)
	at java.security.AccessController.doPrivileged(Native Method)
	at java.security.ProtectionDomain$JavaSecurityAccessImpl.doIntersectionPrivilege(ProtectionDomain.java:80)
	at java.awt.EventQueue.dispatchEvent(EventQueue.java:726)
	at java.awt.EventDispatchThread.pumpOneEventForFilters(EventDispatchThread.java:201)
	at java.awt.EventDispatchThread.pumpEventsForFilter(EventDispatchThread.java:116)
	at java.awt.EventDispatchThread.pumpEventsForHierarchy(EventDispatchThread.java:105)
	at java.awt.EventDispatchThread.pumpEvents(EventDispatchThread.java:101)
	at java.awt.EventDispatchThread.pumpEvents(EventDispatchThread.java:93)
	at java.awt.EventDispatchThread.run(EventDispatchThread.java:82)

2019-04-13 10:30:00.095 [AWT-EventQueue-0] ERROR ErrorHandler - null
java.awt.datatransfer.UnsupportedFlavorException: Unicode String
	at sun.awt.datatransfer.SunClipboard.getData(SunClipboard.java:220)
	at com.mercury.platform.core.ChatHelper.executeTradeMessage(ChatHelper.java:63)
	at com.mercury.platform.core.ChatHelper.lambda$subscribe$2(ChatHelper.java:148)
	at rx.internal.util.ActionSubscriber.onNext(ActionSubscriber.java:39)
	at rx.observers.SafeSubscriber.onNext(SafeSubscriber.java:134)
	at rx.subjects.PublishSubject$PublishSubjectProducer.onNext(PublishSubject.java:304)
	at rx.subjects.PublishSubject$PublishSubjectState.onNext(PublishSubject.java:219)
	at rx.subjects.PublishSubject.onNext(PublishSubject.java:72)
	at com.mercury.platform.shared.wh.WhisperHelperHandler.lambda$null$0(WhisperHelperHandler.java:15)
	at javax.swing.Timer.fireActionPerformed(Timer.java:313)
	at javax.swing.Timer$DoPostEvent.run(Timer.java:245)
	at java.awt.event.InvocationEvent.dispatch(InvocationEvent.java:311)
	at java.awt.EventQueue.dispatchEventImpl(EventQueue.java:756)
	at java.awt.EventQueue.access$500(EventQueue.java:97)
	at java.awt.EventQueue$3.run(EventQueue.java:709)
	at java.awt.EventQueue$3.run(EventQueue.java:703)
	at java.security.AccessController.doPrivileged(Native Method)
	at java.security.ProtectionDomain$JavaSecurityAccessImpl.doIntersectionPrivilege(ProtectionDomain.java:80)
	at java.awt.EventQueue.dispatchEvent(EventQueue.java:726)
	at java.awt.EventDispatchThread.pumpOneEventForFilters(EventDispatchThread.java:201)
	at java.awt.EventDispatchThread.pumpEventsForFilter(EventDispatchThread.java:116)
	at java.awt.EventDispatchThread.pumpEventsForHierarchy(EventDispatchThread.java:105)
	at java.awt.EventDispatchThread.pumpEvents(EventDispatchThread.java:101)
	at java.awt.EventDispatchThread.pumpEvents(EventDispatchThread.java:93)
	at java.awt.EventDispatchThread.run(EventDispatchThread.java:82)

2019-04-13 18:33:31.839 [AWT-EventQueue-0] ERROR ErrorHandler - null
java.awt.datatransfer.UnsupportedFlavorException: Unicode String
	at sun.awt.datatransfer.SunClipboard.getData(SunClipboard.java:220)
	at com.mercury.platform.core.ChatHelper.executeTradeMessage(ChatHelper.java:63)
	at com.mercury.platform.core.ChatHelper.lambda$subscribe$2(ChatHelper.java:148)
	at rx.internal.util.ActionSubscriber.onNext(ActionSubscriber.java:39)
	at rx.observers.SafeSubscriber.onNext(SafeSubscriber.java:134)
	at rx.subjects.PublishSubject$PublishSubjectProducer.onNext(PublishSubject.java:304)
	at rx.subjects.PublishSubject$PublishSubjectState.onNext(PublishSubject.java:219)
	at rx.subjects.PublishSubject.onNext(PublishSubject.java:72)
	at com.mercury.platform.shared.wh.WhisperHelperHandler.lambda$null$0(WhisperHelperHandler.java:15)
	at javax.swing.Timer.fireActionPerformed(Timer.java:313)
	at javax.swing.Timer$DoPostEvent.run(Timer.java:245)
	at java.awt.event.InvocationEvent.dispatch(InvocationEvent.java:311)
	at java.awt.EventQueue.dispatchEventImpl(EventQueue.java:756)
	at java.awt.EventQueue.access$500(EventQueue.java:97)
	at java.awt.EventQueue$3.run(EventQueue.java:709)
	at java.awt.EventQueue$3.run(EventQueue.java:703)
	at java.security.AccessController.doPrivileged(Native Method)
	at java.security.ProtectionDomain$JavaSecurityAccessImpl.doIntersectionPrivilege(ProtectionDomain.java:80)
	at java.awt.EventQueue.dispatchEvent(EventQueue.java:726)
	at java.awt.EventDispatchThread.pumpOneEventForFilters(EventDispatchThread.java:201)
	at java.awt.EventDispatchThread.pumpEventsForFilter(EventDispatchThread.java:116)
	at java.awt.EventDispatchThread.pumpEventsForHierarchy(EventDispatchThread.java:105)
	at java.awt.EventDispatchThread.pumpEvents(EventDispatchThread.java:101)
	at java.awt.EventDispatchThread.pumpEvents(EventDispatchThread.java:93)
	at java.awt.EventDispatchThread.run(EventDispatchThread.java:82)

2019-04-13 18:33:32.377 [AWT-EventQueue-0] ERROR ErrorHandler - null
java.awt.datatransfer.UnsupportedFlavorException: Unicode String
	at sun.awt.datatransfer.SunClipboard.getData(SunClipboard.java:220)
	at com.mercury.platform.core.ChatHelper.executeTradeMessage(ChatHelper.java:63)
	at com.mercury.platform.core.ChatHelper.lambda$subscribe$2(ChatHelper.java:148)
	at rx.internal.util.ActionSubscriber.onNext(ActionSubscriber.java:39)
	at rx.observers.SafeSubscriber.onNext(SafeSubscriber.java:134)
	at rx.subjects.PublishSubject$PublishSubjectProducer.onNext(PublishSubject.java:304)
	at rx.subjects.PublishSubject$PublishSubjectState.onNext(PublishSubject.java:219)
	at rx.subjects.PublishSubject.onNext(PublishSubject.java:72)
	at com.mercury.platform.shared.wh.WhisperHelperHandler.lambda$null$0(WhisperHelperHandler.java:15)
	at javax.swing.Timer.fireActionPerformed(Timer.java:313)
	at javax.swing.Timer$DoPostEvent.run(Timer.java:245)
	at java.awt.event.InvocationEvent.dispatch(InvocationEvent.java:311)
	at java.awt.EventQueue.dispatchEventImpl(EventQueue.java:756)
	at java.awt.EventQueue.access$500(EventQueue.java:97)
	at java.awt.EventQueue$3.run(EventQueue.java:709)
	at java.awt.EventQueue$3.run(EventQueue.java:703)
	at java.security.AccessController.doPrivileged(Native Method)
	at java.security.ProtectionDomain$JavaSecurityAccessImpl.doIntersectionPrivilege(ProtectionDomain.java:80)
	at java.awt.EventQueue.dispatchEvent(EventQueue.java:726)
	at java.awt.EventDispatchThread.pumpOneEventForFilters(EventDispatchThread.java:201)
	at java.awt.EventDispatchThread.pumpEventsForFilter(EventDispatchThread.java:116)
	at java.awt.EventDispatchThread.pumpEventsForHierarchy(EventDispatchThread.java:105)
	at java.awt.EventDispatchThread.pumpEvents(EventDispatchThread.java:101)
	at java.awt.EventDispatchThread.pumpEvents(EventDispatchThread.java:93)
	at java.awt.EventDispatchThread.run(EventDispatchThread.java:82)

2019-04-14 03:40:39.190 [Thread-7] ERROR ErrorHandler - rx.exceptions.OnErrorNotImplementedException
	at rx.internal.util.InternalObservableUtils$ErrorNotImplementedAction.call(InternalObservableUtils.java:386)
	at rx.internal.util.InternalObservableUtils$ErrorNotImplementedAction.call(InternalObservableUtils.java:383)
	at rx.internal.util.ActionSubscriber.onError(ActionSubscriber.java:44)
	at rx.observers.SafeSubscriber._onError(SafeSubscriber.java:153)
	at rx.observers.SafeSubscriber.onError(SafeSubscriber.java:115)
	at rx.exceptions.Exceptions.throwOrReport(Exceptions.java:216)
	at rx.observers.SafeSubscriber.onNext(SafeSubscriber.java:139)
	at rx.subjects.PublishSubject$PublishSubjectProducer.onNext(PublishSubject.java:304)
	at rx.subjects.PublishSubject$PublishSubjectState.onNext(PublishSubject.java:219)
	at rx.subjects.PublishSubject.onNext(PublishSubject.java:72)
	at com.mercury.platform.core.utils.interceptor.PlayerInaccessibleInterceptor.process(PlayerInaccessibleInterceptor.java:24)
	at com.mercury.platform.core.utils.interceptor.MessageInterceptor.match(MessageInterceptor.java:17)
	at com.mercury.platform.core.utils.MessageFileHandler.lambda$null$2(MessageFileHandler.java:86)
	at java.util.ArrayList.forEach(ArrayList.java:1249)
	at com.mercury.platform.core.utils.MessageFileHandler.lambda$parse$3(MessageFileHandler.java:85)
	at java.util.ArrayList.forEach(ArrayList.java:1249)
	at com.mercury.platform.core.utils.MessageFileHandler.parse(MessageFileHandler.java:84)
	at com.mercury.platform.core.utils.FileMonitor$1.onFileChange(FileMonitor.java:43)
	at org.apache.commons.io.monitor.FileAlterationObserver.doMatch(FileAlterationObserver.java:410)
	at org.apache.commons.io.monitor.FileAlterationObserver.checkAndNotify(FileAlterationObserver.java:333)
	at org.apache.commons.io.monitor.FileAlterationObserver.checkAndNotify(FileAlterationObserver.java:303)
	at org.apache.commons.io.monitor.FileAlterationMonitor.run(FileAlterationMonitor.java:182)
	at java.lang.Thread.run(Thread.java:745)
Caused by: java.lang.NullPointerException
	at com.mercury.platform.ui.components.panel.notification.TradeOutNotificationPanel.lambda$subscribe$7(TradeOutNotificationPanel.java:85)
	at rx.internal.util.ActionSubscriber.onNext(ActionSubscriber.java:39)
	at rx.observers.SafeSubscriber.onNext(SafeSubscriber.java:134)
	... 16 more

2019-04-14 03:42:30.794 [Thread-7] ERROR ErrorHandler - rx.exceptions.OnErrorNotImplementedException
	at rx.internal.util.InternalObservableUtils$ErrorNotImplementedAction.call(InternalObservableUtils.java:386)
	at rx.internal.util.InternalObservableUtils$ErrorNotImplementedAction.call(InternalObservableUtils.java:383)
	at rx.internal.util.ActionSubscriber.onError(ActionSubscriber.java:44)
	at rx.observers.SafeSubscriber._onError(SafeSubscriber.java:153)
	at rx.observers.SafeSubscriber.onError(SafeSubscriber.java:115)
	at rx.exceptions.Exceptions.throwOrReport(Exceptions.java:216)
	at rx.observers.SafeSubscriber.onNext(SafeSubscriber.java:139)
	at rx.subjects.PublishSubject$PublishSubjectProducer.onNext(PublishSubject.java:304)
	at rx.subjects.PublishSubject$PublishSubjectState.onNext(PublishSubject.java:219)
	at rx.subjects.PublishSubject.onNext(PublishSubject.java:72)
	at com.mercury.platform.core.utils.interceptor.PlayerInaccessibleInterceptor.process(PlayerInaccessibleInterceptor.java:24)
	at com.mercury.platform.core.utils.interceptor.MessageInterceptor.match(MessageInterceptor.java:17)
	at com.mercury.platform.core.utils.MessageFileHandler.lambda$null$2(MessageFileHandler.java:86)
	at java.util.ArrayList.forEach(ArrayList.java:1249)
	at com.mercury.platform.core.utils.MessageFileHandler.lambda$parse$3(MessageFileHandler.java:85)
	at java.util.ArrayList.forEach(ArrayList.java:1249)
	at com.mercury.platform.core.utils.MessageFileHandler.parse(MessageFileHandler.java:84)
	at com.mercury.platform.core.utils.FileMonitor$1.onFileChange(FileMonitor.java:43)
	at org.apache.commons.io.monitor.FileAlterationObserver.doMatch(FileAlterationObserver.java:410)
	at org.apache.commons.io.monitor.FileAlterationObserver.checkAndNotify(FileAlterationObserver.java:333)
	at org.apache.commons.io.monitor.FileAlterationObserver.checkAndNotify(FileAlterationObserver.java:303)
	at org.apache.commons.io.monitor.FileAlterationMonitor.run(FileAlterationMonitor.java:182)
	at java.lang.Thread.run(Thread.java:745)
Caused by: java.lang.NullPointerException
	at com.mercury.platform.ui.components.panel.notification.TradeOutNotificationPanel.lambda$subscribe$7(TradeOutNotificationPanel.java:85)
	at rx.internal.util.ActionSubscriber.onNext(ActionSubscriber.java:39)
	at rx.observers.SafeSubscriber.onNext(SafeSubscriber.java:134)
	... 16 more

2019-04-14 23:42:58.415 [Thread-8] ERROR ErrorHandler - rx.exceptions.OnErrorNotImplementedException
	at rx.internal.util.InternalObservableUtils$ErrorNotImplementedAction.call(InternalObservableUtils.java:386)
	at rx.internal.util.InternalObservableUtils$ErrorNotImplementedAction.call(InternalObservableUtils.java:383)
	at rx.internal.util.ActionSubscriber.onError(ActionSubscriber.java:44)
	at rx.observers.SafeSubscriber._onError(SafeSubscriber.java:153)
	at rx.observers.SafeSubscriber.onError(SafeSubscriber.java:115)
	at rx.exceptions.Exceptions.throwOrReport(Exceptions.java:216)
	at rx.observers.SafeSubscriber.onNext(SafeSubscriber.java:139)
	at rx.subjects.PublishSubject$PublishSubjectProducer.onNext(PublishSubject.java:304)
	at rx.subjects.PublishSubject$PublishSubjectState.onNext(PublishSubject.java:219)
	at rx.subjects.PublishSubject.onNext(PublishSubject.java:72)
	at com.mercury.platform.core.utils.interceptor.PlayerInaccessibleInterceptor.process(PlayerInaccessibleInterceptor.java:24)
	at com.mercury.platform.core.utils.interceptor.MessageInterceptor.match(MessageInterceptor.java:17)
	at com.mercury.platform.core.utils.MessageFileHandler.lambda$null$2(MessageFileHandler.java:86)
	at java.util.ArrayList.forEach(ArrayList.java:1249)
	at com.mercury.platform.core.utils.MessageFileHandler.lambda$parse$3(MessageFileHandler.java:85)
	at java.util.ArrayList.forEach(ArrayList.java:1249)
	at com.mercury.platform.core.utils.MessageFileHandler.parse(MessageFileHandler.java:84)
	at com.mercury.platform.core.utils.FileMonitor$1.onFileChange(FileMonitor.java:43)
	at org.apache.commons.io.monitor.FileAlterationObserver.doMatch(FileAlterationObserver.java:410)
	at org.apache.commons.io.monitor.FileAlterationObserver.checkAndNotify(FileAlterationObserver.java:333)
	at org.apache.commons.io.monitor.FileAlterationObserver.checkAndNotify(FileAlterationObserver.java:303)
	at org.apache.commons.io.monitor.FileAlterationMonitor.run(FileAlterationMonitor.java:182)
	at java.lang.Thread.run(Thread.java:745)
Caused by: java.lang.NullPointerException
	at com.mercury.platform.ui.components.panel.notification.TradeOutNotificationPanel.lambda$subscribe$7(TradeOutNotificationPanel.java:85)
	at rx.internal.util.ActionSubscriber.onNext(ActionSubscriber.java:39)
	at rx.observers.SafeSubscriber.onNext(SafeSubscriber.java:134)
	... 16 more

2019-04-20 02:00:19.017 [AWT-EventQueue-0] ERROR ErrorHandler - null
java.awt.datatransfer.UnsupportedFlavorException: Unicode String
	at sun.awt.datatransfer.SunClipboard.getData(SunClipboard.java:220)
	at com.mercury.platform.core.ChatHelper.executeTradeMessage(ChatHelper.java:63)
	at com.mercury.platform.core.ChatHelper.lambda$subscribe$2(ChatHelper.java:148)
	at rx.internal.util.ActionSubscriber.onNext(ActionSubscriber.java:39)
	at rx.observers.SafeSubscriber.onNext(SafeSubscriber.java:134)
	at rx.subjects.PublishSubject$PublishSubjectProducer.onNext(PublishSubject.java:304)
	at rx.subjects.PublishSubject$PublishSubjectState.onNext(PublishSubject.java:219)
	at rx.subjects.PublishSubject.onNext(PublishSubject.java:72)
	at com.mercury.platform.shared.wh.WhisperHelperHandler.lambda$null$0(WhisperHelperHandler.java:15)
	at javax.swing.Timer.fireActionPerformed(Timer.java:313)
	at javax.swing.Timer$DoPostEvent.run(Timer.java:245)
	at java.awt.event.InvocationEvent.dispatch(InvocationEvent.java:311)
	at java.awt.EventQueue.dispatchEventImpl(EventQueue.java:756)
	at java.awt.EventQueue.access$500(EventQueue.java:97)
	at java.awt.EventQueue$3.run(EventQueue.java:709)
	at java.awt.EventQueue$3.run(EventQueue.java:703)
	at java.security.AccessController.doPrivileged(Native Method)
	at java.security.ProtectionDomain$JavaSecurityAccessImpl.doIntersectionPrivilege(ProtectionDomain.java:80)
	at java.awt.EventQueue.dispatchEvent(EventQueue.java:726)
	at java.awt.EventDispatchThread.pumpOneEventForFilters(EventDispatchThread.java:201)
	at java.awt.EventDispatchThread.pumpEventsForFilter(EventDispatchThread.java:116)
	at java.awt.EventDispatchThread.pumpEventsForHierarchy(EventDispatchThread.java:105)
	at java.awt.EventDispatchThread.pumpEvents(EventDispatchThread.java:101)
	at java.awt.EventDispatchThread.pumpEvents(EventDispatchThread.java:93)
	at java.awt.EventDispatchThread.run(EventDispatchThread.java:82)

2019-04-20 02:58:49.481 [AWT-EventQueue-0] ERROR ErrorHandler - null
java.awt.datatransfer.UnsupportedFlavorException: Unicode String
	at sun.awt.datatransfer.SunClipboard.getData(SunClipboard.java:220)
	at com.mercury.platform.core.ChatHelper.executeTradeMessage(ChatHelper.java:63)
	at com.mercury.platform.core.ChatHelper.lambda$subscribe$2(ChatHelper.java:148)
	at rx.internal.util.ActionSubscriber.onNext(ActionSubscriber.java:39)
	at rx.observers.SafeSubscriber.onNext(SafeSubscriber.java:134)
	at rx.subjects.PublishSubject$PublishSubjectProducer.onNext(PublishSubject.java:304)
	at rx.subjects.PublishSubject$PublishSubjectState.onNext(PublishSubject.java:219)
	at rx.subjects.PublishSubject.onNext(PublishSubject.java:72)
	at com.mercury.platform.shared.wh.WhisperHelperHandler.lambda$null$0(WhisperHelperHandler.java:15)
	at javax.swing.Timer.fireActionPerformed(Timer.java:313)
	at javax.swing.Timer$DoPostEvent.run(Timer.java:245)
	at java.awt.event.InvocationEvent.dispatch(InvocationEvent.java:311)
	at java.awt.EventQueue.dispatchEventImpl(EventQueue.java:756)
	at java.awt.EventQueue.access$500(EventQueue.java:97)
	at java.awt.EventQueue$3.run(EventQueue.java:709)
	at java.awt.EventQueue$3.run(EventQueue.java:703)
	at java.security.AccessController.doPrivileged(Native Method)
	at java.security.ProtectionDomain$JavaSecurityAccessImpl.doIntersectionPrivilege(ProtectionDomain.java:80)
	at java.awt.EventQueue.dispatchEvent(EventQueue.java:726)
	at java.awt.EventDispatchThread.pumpOneEventForFilters(EventDispatchThread.java:201)
	at java.awt.EventDispatchThread.pumpEventsForFilter(EventDispatchThread.java:116)
	at java.awt.EventDispatchThread.pumpEventsForHierarchy(EventDispatchThread.java:105)
	at java.awt.EventDispatchThread.pumpEvents(EventDispatchThread.java:101)
	at java.awt.EventDispatchThread.pumpEvents(EventDispatchThread.java:93)
	at java.awt.EventDispatchThread.run(EventDispatchThread.java:82)

2019-04-20 11:45:59.233 [AWT-EventQueue-0] ERROR ErrorHandler - null
java.awt.datatransfer.UnsupportedFlavorException: Unicode String
	at sun.awt.datatransfer.SunClipboard.getData(SunClipboard.java:220)
	at com.mercury.platform.core.ChatHelper.executeTradeMessage(ChatHelper.java:63)
	at com.mercury.platform.core.ChatHelper.lambda$subscribe$2(ChatHelper.java:148)
	at rx.internal.util.ActionSubscriber.onNext(ActionSubscriber.java:39)
	at rx.observers.SafeSubscriber.onNext(SafeSubscriber.java:134)
	at rx.subjects.PublishSubject$PublishSubjectProducer.onNext(PublishSubject.java:304)
	at rx.subjects.PublishSubject$PublishSubjectState.onNext(PublishSubject.java:219)
	at rx.subjects.PublishSubject.onNext(PublishSubject.java:72)
	at com.mercury.platform.shared.wh.WhisperHelperHandler.lambda$null$0(WhisperHelperHandler.java:15)
	at javax.swing.Timer.fireActionPerformed(Timer.java:313)
	at javax.swing.Timer$DoPostEvent.run(Timer.java:245)
	at java.awt.event.InvocationEvent.dispatch(InvocationEvent.java:311)
	at java.awt.EventQueue.dispatchEventImpl(EventQueue.java:756)
	at java.awt.EventQueue.access$500(EventQueue.java:97)
	at java.awt.EventQueue$3.run(EventQueue.java:709)
	at java.awt.EventQueue$3.run(EventQueue.java:703)
	at java.security.AccessController.doPrivileged(Native Method)
	at java.security.ProtectionDomain$JavaSecurityAccessImpl.doIntersectionPrivilege(ProtectionDomain.java:80)
	at java.awt.EventQueue.dispatchEvent(EventQueue.java:726)
	at java.awt.EventDispatchThread.pumpOneEventForFilters(EventDispatchThread.java:201)
	at java.awt.EventDispatchThread.pumpEventsForFilter(EventDispatchThread.java:116)
	at java.awt.EventDispatchThread.pumpEventsForHierarchy(EventDispatchThread.java:105)
	at java.awt.EventDispatchThread.pumpEvents(EventDispatchThread.java:101)
	at java.awt.EventDispatchThread.pumpEvents(EventDispatchThread.java:93)
	at java.awt.EventDispatchThread.run(EventDispatchThread.java:82)

2019-04-20 18:44:48.285 [AWT-EventQueue-0] ERROR ErrorHandler - null
java.awt.datatransfer.UnsupportedFlavorException: Unicode String
	at sun.awt.datatransfer.SunClipboard.getData(SunClipboard.java:220)
	at com.mercury.platform.core.ChatHelper.executeTradeMessage(ChatHelper.java:63)
	at com.mercury.platform.core.ChatHelper.lambda$subscribe$2(ChatHelper.java:148)
	at rx.internal.util.ActionSubscriber.onNext(ActionSubscriber.java:39)
	at rx.observers.SafeSubscriber.onNext(SafeSubscriber.java:134)
	at rx.subjects.PublishSubject$PublishSubjectProducer.onNext(PublishSubject.java:304)
	at rx.subjects.PublishSubject$PublishSubjectState.onNext(PublishSubject.java:219)
	at rx.subjects.PublishSubject.onNext(PublishSubject.java:72)
	at com.mercury.platform.shared.wh.WhisperHelperHandler.lambda$null$0(WhisperHelperHandler.java:15)
	at javax.swing.Timer.fireActionPerformed(Timer.java:313)
	at javax.swing.Timer$DoPostEvent.run(Timer.java:245)
	at java.awt.event.InvocationEvent.dispatch(InvocationEvent.java:311)
	at java.awt.EventQueue.dispatchEventImpl(EventQueue.java:756)
	at java.awt.EventQueue.access$500(EventQueue.java:97)
	at java.awt.EventQueue$3.run(EventQueue.java:709)
	at java.awt.EventQueue$3.run(EventQueue.java:703)
	at java.security.AccessController.doPrivileged(Native Method)
	at java.security.ProtectionDomain$JavaSecurityAccessImpl.doIntersectionPrivilege(ProtectionDomain.java:80)
	at java.awt.EventQueue.dispatchEvent(EventQueue.java:726)
	at java.awt.EventDispatchThread.pumpOneEventForFilters(EventDispatchThread.java:201)
	at java.awt.EventDispatchThread.pumpEventsForFilter(EventDispatchThread.java:116)
	at java.awt.EventDispatchThread.pumpEventsForHierarchy(EventDispatchThread.java:105)
	at java.awt.EventDispatchThread.pumpEvents(EventDispatchThread.java:101)
	at java.awt.EventDispatchThread.pumpEvents(EventDispatchThread.java:93)
	at java.awt.EventDispatchThread.run(EventDispatchThread.java:82)

2019-04-20 20:16:40.395 [AWT-EventQueue-0] ERROR ErrorHandler - null
java.awt.datatransfer.UnsupportedFlavorException: Unicode String
	at sun.awt.datatransfer.SunClipboard.getData(SunClipboard.java:220)
	at com.mercury.platform.core.ChatHelper.executeTradeMessage(ChatHelper.java:63)
	at com.mercury.platform.core.ChatHelper.lambda$subscribe$2(ChatHelper.java:148)
	at rx.internal.util.ActionSubscriber.onNext(ActionSubscriber.java:39)
	at rx.observers.SafeSubscriber.onNext(SafeSubscriber.java:134)
	at rx.subjects.PublishSubject$PublishSubjectProducer.onNext(PublishSubject.java:304)
	at rx.subjects.PublishSubject$PublishSubjectState.onNext(PublishSubject.java:219)
	at rx.subjects.PublishSubject.onNext(PublishSubject.java:72)
	at com.mercury.platform.shared.wh.WhisperHelperHandler.lambda$null$0(WhisperHelperHandler.java:15)
	at javax.swing.Timer.fireActionPerformed(Timer.java:313)
	at javax.swing.Timer$DoPostEvent.run(Timer.java:245)
	at java.awt.event.InvocationEvent.dispatch(InvocationEvent.java:311)
	at java.awt.EventQueue.dispatchEventImpl(EventQueue.java:756)
	at java.awt.EventQueue.access$500(EventQueue.java:97)
	at java.awt.EventQueue$3.run(EventQueue.java:709)
	at java.awt.EventQueue$3.run(EventQueue.java:703)
	at java.security.AccessController.doPrivileged(Native Method)
	at java.security.ProtectionDomain$JavaSecurityAccessImpl.doIntersectionPrivilege(ProtectionDomain.java:80)
	at java.awt.EventQueue.dispatchEvent(EventQueue.java:726)
	at java.awt.EventDispatchThread.pumpOneEventForFilters(EventDispatchThread.java:201)
	at java.awt.EventDispatchThread.pumpEventsForFilter(EventDispatchThread.java:116)
	at java.awt.EventDispatchThread.pumpEventsForHierarchy(EventDispatchThread.java:105)
	at java.awt.EventDispatchThread.pumpEvents(EventDispatchThread.java:101)
	at java.awt.EventDispatchThread.pumpEvents(EventDispatchThread.java:93)
	at java.awt.EventDispatchThread.run(EventDispatchThread.java:82)

2019-04-21 07:39:57.319 [Thread-8] ERROR ErrorHandler - java.lang.NullPointerException
	at com.mercury.platform.core.utils.interceptor.TradeOutMessagesInterceptor$EngOutLocalizationMatcher.getDescriptor(TradeOutMessagesInterceptor.java:90)
	at com.mercury.platform.core.utils.interceptor.TradeOutMessagesInterceptor$LocalizationMatcher.processMessage(TradeOutMessagesInterceptor.java:66)
	at com.mercury.platform.core.utils.interceptor.TradeOutMessagesInterceptor.process(TradeOutMessagesInterceptor.java:39)
	at com.mercury.platform.core.utils.interceptor.MessageInterceptor.match(MessageInterceptor.java:17)
	at com.mercury.platform.core.utils.MessageFileHandler.lambda$null$2(MessageFileHandler.java:86)
	at java.util.ArrayList.forEach(ArrayList.java:1249)
	at com.mercury.platform.core.utils.MessageFileHandler.lambda$parse$3(MessageFileHandler.java:85)
	at java.util.ArrayList.forEach(ArrayList.java:1249)
	at com.mercury.platform.core.utils.MessageFileHandler.parse(MessageFileHandler.java:84)
	at com.mercury.platform.core.utils.FileMonitor$1.onFileChange(FileMonitor.java:43)
	at org.apache.commons.io.monitor.FileAlterationObserver.doMatch(FileAlterationObserver.java:410)
	at org.apache.commons.io.monitor.FileAlterationObserver.checkAndNotify(FileAlterationObserver.java:333)
	at org.apache.commons.io.monitor.FileAlterationObserver.checkAndNotify(FileAlterationObserver.java:303)
	at org.apache.commons.io.monitor.FileAlterationMonitor.run(FileAlterationMonitor.java:182)
	at java.lang.Thread.run(Thread.java:745)

2019-04-21 17:26:53.416 [AWT-EventQueue-0] ERROR ErrorHandler - null
java.awt.datatransfer.UnsupportedFlavorException: Unicode String
	at sun.awt.datatransfer.SunClipboard.getData(SunClipboard.java:220)
	at com.mercury.platform.core.ChatHelper.executeTradeMessage(ChatHelper.java:63)
	at com.mercury.platform.core.ChatHelper.lambda$subscribe$2(ChatHelper.java:148)
	at rx.internal.util.ActionSubscriber.onNext(ActionSubscriber.java:39)
	at rx.observers.SafeSubscriber.onNext(SafeSubscriber.java:134)
	at rx.subjects.PublishSubject$PublishSubjectProducer.onNext(PublishSubject.java:304)
	at rx.subjects.PublishSubject$PublishSubjectState.onNext(PublishSubject.java:219)
	at rx.subjects.PublishSubject.onNext(PublishSubject.java:72)
	at com.mercury.platform.shared.wh.WhisperHelperHandler.lambda$null$0(WhisperHelperHandler.java:15)
	at javax.swing.Timer.fireActionPerformed(Timer.java:313)
	at javax.swing.Timer$DoPostEvent.run(Timer.java:245)
	at java.awt.event.InvocationEvent.dispatch(InvocationEvent.java:311)
	at java.awt.EventQueue.dispatchEventImpl(EventQueue.java:756)
	at java.awt.EventQueue.access$500(EventQueue.java:97)
	at java.awt.EventQueue$3.run(EventQueue.java:709)
	at java.awt.EventQueue$3.run(EventQueue.java:703)
	at java.security.AccessController.doPrivileged(Native Method)
	at java.security.ProtectionDomain$JavaSecurityAccessImpl.doIntersectionPrivilege(ProtectionDomain.java:80)
	at java.awt.EventQueue.dispatchEvent(EventQueue.java:726)
	at java.awt.EventDispatchThread.pumpOneEventForFilters(EventDispatchThread.java:201)
	at java.awt.EventDispatchThread.pumpEventsForFilter(EventDispatchThread.java:116)
	at java.awt.EventDispatchThread.pumpEventsForHierarchy(EventDispatchThread.java:105)
	at java.awt.EventDispatchThread.pumpEvents(EventDispatchThread.java:101)
	at java.awt.EventDispatchThread.pumpEvents(EventDispatchThread.java:93)
	at java.awt.EventDispatchThread.run(EventDispatchThread.java:82)

2019-04-21 18:46:33.540 [AWT-EventQueue-0] ERROR ErrorHandler - null
java.lang.IllegalStateException: cannot open system clipboard
	at sun.awt.windows.WClipboard.openClipboard(Native Method)
	at sun.awt.windows.WClipboard.setContentsNative(WClipboard.java:75)
	at sun.awt.datatransfer.SunClipboard.setContents(SunClipboard.java:106)
	at com.mercury.platform.ui.components.panel.notification.controller.NotificationIncomingController.lambda$copyItemNameToClipboard$0(NotificationIncomingController.java:72)
	at javax.swing.Timer.fireActionPerformed(Timer.java:313)
	at javax.swing.Timer$DoPostEvent.run(Timer.java:245)
	at java.awt.event.InvocationEvent.dispatch(InvocationEvent.java:311)
	at java.awt.EventQueue.dispatchEventImpl(EventQueue.java:756)
	at java.awt.EventQueue.access$500(EventQueue.java:97)
	at java.awt.EventQueue$3.run(EventQueue.java:709)
	at java.awt.EventQueue$3.run(EventQueue.java:703)
	at java.security.AccessController.doPrivileged(Native Method)
	at java.security.ProtectionDomain$JavaSecurityAccessImpl.doIntersectionPrivilege(ProtectionDomain.java:80)
	at java.awt.EventQueue.dispatchEvent(EventQueue.java:726)
	at java.awt.EventDispatchThread.pumpOneEventForFilters(EventDispatchThread.java:201)
	at java.awt.EventDispatchThread.pumpEventsForFilter(EventDispatchThread.java:116)
	at java.awt.EventDispatchThread.pumpEventsForHierarchy(EventDispatchThread.java:105)
	at java.awt.EventDispatchThread.pumpEvents(EventDispatchThread.java:101)
	at java.awt.EventDispatchThread.pumpEvents(EventDispatchThread.java:93)
	at java.awt.EventDispatchThread.run(EventDispatchThread.java:82)

2019-04-27 19:08:43.859 [AWT-EventQueue-0] ERROR ErrorHandler - null
java.awt.datatransfer.UnsupportedFlavorException: Unicode String
	at sun.awt.datatransfer.SunClipboard.getData(SunClipboard.java:220)
	at com.mercury.platform.core.ChatHelper.executeTradeMessage(ChatHelper.java:63)
	at com.mercury.platform.core.ChatHelper.lambda$subscribe$2(ChatHelper.java:148)
	at rx.internal.util.ActionSubscriber.onNext(ActionSubscriber.java:39)
	at rx.observers.SafeSubscriber.onNext(SafeSubscriber.java:134)
	at rx.subjects.PublishSubject$PublishSubjectProducer.onNext(PublishSubject.java:304)
	at rx.subjects.PublishSubject$PublishSubjectState.onNext(PublishSubject.java:219)
	at rx.subjects.PublishSubject.onNext(PublishSubject.java:72)
	at com.mercury.platform.shared.wh.WhisperHelperHandler.lambda$null$0(WhisperHelperHandler.java:15)
	at javax.swing.Timer.fireActionPerformed(Timer.java:313)
	at javax.swing.Timer$DoPostEvent.run(Timer.java:245)
	at java.awt.event.InvocationEvent.dispatch(InvocationEvent.java:311)
	at java.awt.EventQueue.dispatchEventImpl(EventQueue.java:756)
	at java.awt.EventQueue.access$500(EventQueue.java:97)
	at java.awt.EventQueue$3.run(EventQueue.java:709)
	at java.awt.EventQueue$3.run(EventQueue.java:703)
	at java.security.AccessController.doPrivileged(Native Method)
	at java.security.ProtectionDomain$JavaSecurityAccessImpl.doIntersectionPrivilege(ProtectionDomain.java:80)
	at java.awt.EventQueue.dispatchEvent(EventQueue.java:726)
	at java.awt.EventDispatchThread.pumpOneEventForFilters(EventDispatchThread.java:201)
	at java.awt.EventDispatchThread.pumpEventsForFilter(EventDispatchThread.java:116)
	at java.awt.EventDispatchThread.pumpEventsForHierarchy(EventDispatchThread.java:105)
	at java.awt.EventDispatchThread.pumpEvents(EventDispatchThread.java:101)
	at java.awt.EventDispatchThread.pumpEvents(EventDispatchThread.java:93)
	at java.awt.EventDispatchThread.run(EventDispatchThread.java:82)

2019-04-27 19:09:30.271 [AWT-EventQueue-0] ERROR ErrorHandler - null
java.awt.datatransfer.UnsupportedFlavorException: Unicode String
	at sun.awt.datatransfer.SunClipboard.getData(SunClipboard.java:220)
	at com.mercury.platform.core.ChatHelper.executeTradeMessage(ChatHelper.java:63)
	at com.mercury.platform.core.ChatHelper.lambda$subscribe$2(ChatHelper.java:148)
	at rx.internal.util.ActionSubscriber.onNext(ActionSubscriber.java:39)
	at rx.observers.SafeSubscriber.onNext(SafeSubscriber.java:134)
	at rx.subjects.PublishSubject$PublishSubjectProducer.onNext(PublishSubject.java:304)
	at rx.subjects.PublishSubject$PublishSubjectState.onNext(PublishSubject.java:219)
	at rx.subjects.PublishSubject.onNext(PublishSubject.java:72)
	at com.mercury.platform.shared.wh.WhisperHelperHandler.lambda$null$0(WhisperHelperHandler.java:15)
	at javax.swing.Timer.fireActionPerformed(Timer.java:313)
	at javax.swing.Timer$DoPostEvent.run(Timer.java:245)
	at java.awt.event.InvocationEvent.dispatch(InvocationEvent.java:311)
	at java.awt.EventQueue.dispatchEventImpl(EventQueue.java:756)
	at java.awt.EventQueue.access$500(EventQueue.java:97)
	at java.awt.EventQueue$3.run(EventQueue.java:709)
	at java.awt.EventQueue$3.run(EventQueue.java:703)
	at java.security.AccessController.doPrivileged(Native Method)
	at java.security.ProtectionDomain$JavaSecurityAccessImpl.doIntersectionPrivilege(ProtectionDomain.java:80)
	at java.awt.EventQueue.dispatchEvent(EventQueue.java:726)
	at java.awt.EventDispatchThread.pumpOneEventForFilters(EventDispatchThread.java:201)
	at java.awt.EventDispatchThread.pumpEventsForFilter(EventDispatchThread.java:116)
	at java.awt.EventDispatchThread.pumpEventsForHierarchy(EventDispatchThread.java:105)
	at java.awt.EventDispatchThread.pumpEvents(EventDispatchThread.java:101)
	at java.awt.EventDispatchThread.pumpEvents(EventDispatchThread.java:93)
	at java.awt.EventDispatchThread.run(EventDispatchThread.java:82)

2019-04-27 19:42:19.575 [AWT-EventQueue-0] ERROR ErrorHandler - null
java.awt.datatransfer.UnsupportedFlavorException: Unicode String
	at sun.awt.datatransfer.SunClipboard.getData(SunClipboard.java:220)
	at com.mercury.platform.core.ChatHelper.executeTradeMessage(ChatHelper.java:63)
	at com.mercury.platform.core.ChatHelper.lambda$subscribe$2(ChatHelper.java:148)
	at rx.internal.util.ActionSubscriber.onNext(ActionSubscriber.java:39)
	at rx.observers.SafeSubscriber.onNext(SafeSubscriber.java:134)
	at rx.subjects.PublishSubject$PublishSubjectProducer.onNext(PublishSubject.java:304)
	at rx.subjects.PublishSubject$PublishSubjectState.onNext(PublishSubject.java:219)
	at rx.subjects.PublishSubject.onNext(PublishSubject.java:72)
	at com.mercury.platform.shared.wh.WhisperHelperHandler.lambda$null$0(WhisperHelperHandler.java:15)
	at javax.swing.Timer.fireActionPerformed(Timer.java:313)
	at javax.swing.Timer$DoPostEvent.run(Timer.java:245)
	at java.awt.event.InvocationEvent.dispatch(InvocationEvent.java:311)
	at java.awt.EventQueue.dispatchEventImpl(EventQueue.java:756)
	at java.awt.EventQueue.access$500(EventQueue.java:97)
	at java.awt.EventQueue$3.run(EventQueue.java:709)
	at java.awt.EventQueue$3.run(EventQueue.java:703)
	at java.security.AccessController.doPrivileged(Native Method)
	at java.security.ProtectionDomain$JavaSecurityAccessImpl.doIntersectionPrivilege(ProtectionDomain.java:80)
	at java.awt.EventQueue.dispatchEvent(EventQueue.java:726)
	at java.awt.EventDispatchThread.pumpOneEventForFilters(EventDispatchThread.java:201)
	at java.awt.EventDispatchThread.pumpEventsForFilter(EventDispatchThread.java:116)
	at java.awt.EventDispatchThread.pumpEventsForHierarchy(EventDispatchThread.java:105)
	at java.awt.EventDispatchThread.pumpEvents(EventDispatchThread.java:101)
	at java.awt.EventDispatchThread.pumpEvents(EventDispatchThread.java:93)
	at java.awt.EventDispatchThread.run(EventDispatchThread.java:82)

2019-04-27 19:42:44.422 [AWT-EventQueue-0] ERROR ErrorHandler - null
java.awt.datatransfer.UnsupportedFlavorException: Unicode String
	at sun.awt.datatransfer.SunClipboard.getData(SunClipboard.java:220)
	at com.mercury.platform.core.ChatHelper.executeTradeMessage(ChatHelper.java:63)
	at com.mercury.platform.core.ChatHelper.lambda$subscribe$2(ChatHelper.java:148)
	at rx.internal.util.ActionSubscriber.onNext(ActionSubscriber.java:39)
	at rx.observers.SafeSubscriber.onNext(SafeSubscriber.java:134)
	at rx.subjects.PublishSubject$PublishSubjectProducer.onNext(PublishSubject.java:304)
	at rx.subjects.PublishSubject$PublishSubjectState.onNext(PublishSubject.java:219)
	at rx.subjects.PublishSubject.onNext(PublishSubject.java:72)
	at com.mercury.platform.shared.wh.WhisperHelperHandler.lambda$null$0(WhisperHelperHandler.java:15)
	at javax.swing.Timer.fireActionPerformed(Timer.java:313)
	at javax.swing.Timer$DoPostEvent.run(Timer.java:245)
	at java.awt.event.InvocationEvent.dispatch(InvocationEvent.java:311)
	at java.awt.EventQueue.dispatchEventImpl(EventQueue.java:756)
	at java.awt.EventQueue.access$500(EventQueue.java:97)
	at java.awt.EventQueue$3.run(EventQueue.java:709)
	at java.awt.EventQueue$3.run(EventQueue.java:703)
	at java.security.AccessController.doPrivileged(Native Method)
	at java.security.ProtectionDomain$JavaSecurityAccessImpl.doIntersectionPrivilege(ProtectionDomain.java:80)
	at java.awt.EventQueue.dispatchEvent(EventQueue.java:726)
	at java.awt.EventDispatchThread.pumpOneEventForFilters(EventDispatchThread.java:201)
	at java.awt.EventDispatchThread.pumpEventsForFilter(EventDispatchThread.java:116)
	at java.awt.EventDispatchThread.pumpEventsForHierarchy(EventDispatchThread.java:105)
	at java.awt.EventDispatchThread.pumpEvents(EventDispatchThread.java:101)
	at java.awt.EventDispatchThread.pumpEvents(EventDispatchThread.java:93)
	at java.awt.EventDispatchThread.run(EventDispatchThread.java:82)

2019-04-27 19:43:03.054 [AWT-EventQueue-0] ERROR ErrorHandler - null
java.awt.datatransfer.UnsupportedFlavorException: Unicode String
	at sun.awt.datatransfer.SunClipboard.getData(SunClipboard.java:220)
	at com.mercury.platform.core.ChatHelper.executeTradeMessage(ChatHelper.java:63)
	at com.mercury.platform.core.ChatHelper.lambda$subscribe$2(ChatHelper.java:148)
	at rx.internal.util.ActionSubscriber.onNext(ActionSubscriber.java:39)
	at rx.observers.SafeSubscriber.onNext(SafeSubscriber.java:134)
	at rx.subjects.PublishSubject$PublishSubjectProducer.onNext(PublishSubject.java:304)
	at rx.subjects.PublishSubject$PublishSubjectState.onNext(PublishSubject.java:219)
	at rx.subjects.PublishSubject.onNext(PublishSubject.java:72)
	at com.mercury.platform.shared.wh.WhisperHelperHandler.lambda$null$0(WhisperHelperHandler.java:15)
	at javax.swing.Timer.fireActionPerformed(Timer.java:313)
	at javax.swing.Timer$DoPostEvent.run(Timer.java:245)
	at java.awt.event.InvocationEvent.dispatch(InvocationEvent.java:311)
	at java.awt.EventQueue.dispatchEventImpl(EventQueue.java:756)
	at java.awt.EventQueue.access$500(EventQueue.java:97)
	at java.awt.EventQueue$3.run(EventQueue.java:709)
	at java.awt.EventQueue$3.run(EventQueue.java:703)
	at java.security.AccessController.doPrivileged(Native Method)
	at java.security.ProtectionDomain$JavaSecurityAccessImpl.doIntersectionPrivilege(ProtectionDomain.java:80)
	at java.awt.EventQueue.dispatchEvent(EventQueue.java:726)
	at java.awt.EventDispatchThread.pumpOneEventForFilters(EventDispatchThread.java:201)
	at java.awt.EventDispatchThread.pumpEventsForFilter(EventDispatchThread.java:116)
	at java.awt.EventDispatchThread.pumpEventsForHierarchy(EventDispatchThread.java:105)
	at java.awt.EventDispatchThread.pumpEvents(EventDispatchThread.java:101)
	at java.awt.EventDispatchThread.pumpEvents(EventDispatchThread.java:93)
	at java.awt.EventDispatchThread.run(EventDispatchThread.java:82)

2019-04-27 19:43:32.159 [AWT-EventQueue-0] ERROR ErrorHandler - null
java.awt.datatransfer.UnsupportedFlavorException: Unicode String
	at sun.awt.datatransfer.SunClipboard.getData(SunClipboard.java:220)
	at com.mercury.platform.core.ChatHelper.executeTradeMessage(ChatHelper.java:63)
	at com.mercury.platform.core.ChatHelper.lambda$subscribe$2(ChatHelper.java:148)
	at rx.internal.util.ActionSubscriber.onNext(ActionSubscriber.java:39)
	at rx.observers.SafeSubscriber.onNext(SafeSubscriber.java:134)
	at rx.subjects.PublishSubject$PublishSubjectProducer.onNext(PublishSubject.java:304)
	at rx.subjects.PublishSubject$PublishSubjectState.onNext(PublishSubject.java:219)
	at rx.subjects.PublishSubject.onNext(PublishSubject.java:72)
	at com.mercury.platform.shared.wh.WhisperHelperHandler.lambda$null$0(WhisperHelperHandler.java:15)
	at javax.swing.Timer.fireActionPerformed(Timer.java:313)
	at javax.swing.Timer$DoPostEvent.run(Timer.java:245)
	at java.awt.event.InvocationEvent.dispatch(InvocationEvent.java:311)
	at java.awt.EventQueue.dispatchEventImpl(EventQueue.java:756)
	at java.awt.EventQueue.access$500(EventQueue.java:97)
	at java.awt.EventQueue$3.run(EventQueue.java:709)
	at java.awt.EventQueue$3.run(EventQueue.java:703)
	at java.security.AccessController.doPrivileged(Native Method)
	at java.security.ProtectionDomain$JavaSecurityAccessImpl.doIntersectionPrivilege(ProtectionDomain.java:80)
	at java.awt.EventQueue.dispatchEvent(EventQueue.java:726)
	at java.awt.EventDispatchThread.pumpOneEventForFilters(EventDispatchThread.java:201)
	at java.awt.EventDispatchThread.pumpEventsForFilter(EventDispatchThread.java:116)
	at java.awt.EventDispatchThread.pumpEventsForHierarchy(EventDispatchThread.java:105)
	at java.awt.EventDispatchThread.pumpEvents(EventDispatchThread.java:101)
	at java.awt.EventDispatchThread.pumpEvents(EventDispatchThread.java:93)
	at java.awt.EventDispatchThread.run(EventDispatchThread.java:82)

2019-04-28 02:09:02.533 [AWT-EventQueue-0] ERROR ErrorHandler - null
java.awt.datatransfer.UnsupportedFlavorException: Unicode String
	at sun.awt.datatransfer.SunClipboard.getData(SunClipboard.java:220)
	at com.mercury.platform.core.ChatHelper.executeTradeMessage(ChatHelper.java:63)
	at com.mercury.platform.core.ChatHelper.lambda$subscribe$2(ChatHelper.java:148)
	at rx.internal.util.ActionSubscriber.onNext(ActionSubscriber.java:39)
	at rx.observers.SafeSubscriber.onNext(SafeSubscriber.java:134)
	at rx.subjects.PublishSubject$PublishSubjectProducer.onNext(PublishSubject.java:304)
	at rx.subjects.PublishSubject$PublishSubjectState.onNext(PublishSubject.java:219)
	at rx.subjects.PublishSubject.onNext(PublishSubject.java:72)
	at com.mercury.platform.shared.wh.WhisperHelperHandler.lambda$null$0(WhisperHelperHandler.java:15)
	at javax.swing.Timer.fireActionPerformed(Timer.java:313)
	at javax.swing.Timer$DoPostEvent.run(Timer.java:245)
	at java.awt.event.InvocationEvent.dispatch(InvocationEvent.java:311)
	at java.awt.EventQueue.dispatchEventImpl(EventQueue.java:756)
	at java.awt.EventQueue.access$500(EventQueue.java:97)
	at java.awt.EventQueue$3.run(EventQueue.java:709)
	at java.awt.EventQueue$3.run(EventQueue.java:703)
	at java.security.AccessController.doPrivileged(Native Method)
	at java.security.ProtectionDomain$JavaSecurityAccessImpl.doIntersectionPrivilege(ProtectionDomain.java:80)
	at java.awt.EventQueue.dispatchEvent(EventQueue.java:726)
	at java.awt.EventDispatchThread.pumpOneEventForFilters(EventDispatchThread.java:201)
	at java.awt.EventDispatchThread.pumpEventsForFilter(EventDispatchThread.java:116)
	at java.awt.EventDispatchThread.pumpEventsForHierarchy(EventDispatchThread.java:105)
	at java.awt.EventDispatchThread.pumpEvents(EventDispatchThread.java:101)
	at java.awt.EventDispatchThread.pumpEvents(EventDispatchThread.java:93)
	at java.awt.EventDispatchThread.run(EventDispatchThread.java:82)

2019-04-29 01:33:37.118 [Thread-8] ERROR ErrorHandler - rx.exceptions.OnErrorNotImplementedException
	at rx.internal.util.InternalObservableUtils$ErrorNotImplementedAction.call(InternalObservableUtils.java:386)
	at rx.internal.util.InternalObservableUtils$ErrorNotImplementedAction.call(InternalObservableUtils.java:383)
	at rx.internal.util.ActionSubscriber.onError(ActionSubscriber.java:44)
	at rx.observers.SafeSubscriber._onError(SafeSubscriber.java:153)
	at rx.observers.SafeSubscriber.onError(SafeSubscriber.java:115)
	at rx.exceptions.Exceptions.throwOrReport(Exceptions.java:216)
	at rx.observers.SafeSubscriber.onNext(SafeSubscriber.java:139)
	at rx.subjects.PublishSubject$PublishSubjectProducer.onNext(PublishSubject.java:304)
	at rx.subjects.PublishSubject$PublishSubjectState.onNext(PublishSubject.java:219)
	at rx.subjects.PublishSubject.onNext(PublishSubject.java:72)
	at com.mercury.platform.core.utils.interceptor.PlayerInaccessibleInterceptor.process(PlayerInaccessibleInterceptor.java:24)
	at com.mercury.platform.core.utils.interceptor.MessageInterceptor.match(MessageInterceptor.java:17)
	at com.mercury.platform.core.utils.MessageFileHandler.lambda$null$2(MessageFileHandler.java:86)
	at java.util.ArrayList.forEach(ArrayList.java:1249)
	at com.mercury.platform.core.utils.MessageFileHandler.lambda$parse$3(MessageFileHandler.java:85)
	at java.util.ArrayList.forEach(ArrayList.java:1249)
	at com.mercury.platform.core.utils.MessageFileHandler.parse(MessageFileHandler.java:84)
	at com.mercury.platform.core.utils.FileMonitor$1.onFileChange(FileMonitor.java:43)
	at org.apache.commons.io.monitor.FileAlterationObserver.doMatch(FileAlterationObserver.java:410)
	at org.apache.commons.io.monitor.FileAlterationObserver.checkAndNotify(FileAlterationObserver.java:333)
	at org.apache.commons.io.monitor.FileAlterationObserver.checkAndNotify(FileAlterationObserver.java:303)
	at org.apache.commons.io.monitor.FileAlterationMonitor.run(FileAlterationMonitor.java:182)
	at java.lang.Thread.run(Thread.java:745)
Caused by: java.lang.NullPointerException
	at com.mercury.platform.ui.components.panel.notification.TradeOutNotificationPanel.lambda$subscribe$7(TradeOutNotificationPanel.java:85)
	at rx.internal.util.ActionSubscriber.onNext(ActionSubscriber.java:39)
	at rx.observers.SafeSubscriber.onNext(SafeSubscriber.java:134)
	... 16 more

2019-04-29 01:49:34.866 [AWT-EventQueue-0] ERROR ErrorHandler - null
java.awt.datatransfer.UnsupportedFlavorException: Unicode String
	at sun.awt.datatransfer.SunClipboard.getData(SunClipboard.java:220)
	at com.mercury.platform.core.ChatHelper.executeTradeMessage(ChatHelper.java:63)
	at com.mercury.platform.core.ChatHelper.lambda$subscribe$2(ChatHelper.java:148)
	at rx.internal.util.ActionSubscriber.onNext(ActionSubscriber.java:39)
	at rx.observers.SafeSubscriber.onNext(SafeSubscriber.java:134)
	at rx.subjects.PublishSubject$PublishSubjectProducer.onNext(PublishSubject.java:304)
	at rx.subjects.PublishSubject$PublishSubjectState.onNext(PublishSubject.java:219)
	at rx.subjects.PublishSubject.onNext(PublishSubject.java:72)
	at com.mercury.platform.shared.wh.WhisperHelperHandler.lambda$null$0(WhisperHelperHandler.java:15)
	at javax.swing.Timer.fireActionPerformed(Timer.java:313)
	at javax.swing.Timer$DoPostEvent.run(Timer.java:245)
	at java.awt.event.InvocationEvent.dispatch(InvocationEvent.java:311)
	at java.awt.EventQueue.dispatchEventImpl(EventQueue.java:756)
	at java.awt.EventQueue.access$500(EventQueue.java:97)
	at java.awt.EventQueue$3.run(EventQueue.java:709)
	at java.awt.EventQueue$3.run(EventQueue.java:703)
	at java.security.AccessController.doPrivileged(Native Method)
	at java.security.ProtectionDomain$JavaSecurityAccessImpl.doIntersectionPrivilege(ProtectionDomain.java:80)
	at java.awt.EventQueue.dispatchEvent(EventQueue.java:726)
	at java.awt.EventDispatchThread.pumpOneEventForFilters(EventDispatchThread.java:201)
	at java.awt.EventDispatchThread.pumpEventsForFilter(EventDispatchThread.java:116)
	at java.awt.EventDispatchThread.pumpEventsForHierarchy(EventDispatchThread.java:105)
	at java.awt.EventDispatchThread.pumpEvents(EventDispatchThread.java:101)
	at java.awt.EventDispatchThread.pumpEvents(EventDispatchThread.java:93)
	at java.awt.EventDispatchThread.run(EventDispatchThread.java:82)

2019-04-29 03:51:28.615 [AWT-EventQueue-0] ERROR ErrorHandler - null
java.awt.datatransfer.UnsupportedFlavorException: Unicode String
	at sun.awt.datatransfer.SunClipboard.getData(SunClipboard.java:220)
	at com.mercury.platform.core.ChatHelper.executeTradeMessage(ChatHelper.java:63)
	at com.mercury.platform.core.ChatHelper.lambda$subscribe$2(ChatHelper.java:148)
	at rx.internal.util.ActionSubscriber.onNext(ActionSubscriber.java:39)
	at rx.observers.SafeSubscriber.onNext(SafeSubscriber.java:134)
	at rx.subjects.PublishSubject$PublishSubjectProducer.onNext(PublishSubject.java:304)
	at rx.subjects.PublishSubject$PublishSubjectState.onNext(PublishSubject.java:219)
	at rx.subjects.PublishSubject.onNext(PublishSubject.java:72)
	at com.mercury.platform.shared.wh.WhisperHelperHandler.lambda$null$0(WhisperHelperHandler.java:15)
	at javax.swing.Timer.fireActionPerformed(Timer.java:313)
	at javax.swing.Timer$DoPostEvent.run(Timer.java:245)
	at java.awt.event.InvocationEvent.dispatch(InvocationEvent.java:311)
	at java.awt.EventQueue.dispatchEventImpl(EventQueue.java:756)
	at java.awt.EventQueue.access$500(EventQueue.java:97)
	at java.awt.EventQueue$3.run(EventQueue.java:709)
	at java.awt.EventQueue$3.run(EventQueue.java:703)
	at java.security.AccessController.doPrivileged(Native Method)
	at java.security.ProtectionDomain$JavaSecurityAccessImpl.doIntersectionPrivilege(ProtectionDomain.java:80)
	at java.awt.EventQueue.dispatchEvent(EventQueue.java:726)
	at java.awt.EventDispatchThread.pumpOneEventForFilters(EventDispatchThread.java:201)
	at java.awt.EventDispatchThread.pumpEventsForFilter(EventDispatchThread.java:116)
	at java.awt.EventDispatchThread.pumpEventsForHierarchy(EventDispatchThread.java:105)
	at java.awt.EventDispatchThread.pumpEvents(EventDispatchThread.java:101)
	at java.awt.EventDispatchThread.pumpEvents(EventDispatchThread.java:93)
	at java.awt.EventDispatchThread.run(EventDispatchThread.java:82)

2019-05-04 08:49:57.222 [AWT-EventQueue-0] ERROR ErrorHandler - null
java.awt.datatransfer.UnsupportedFlavorException: Unicode String
	at sun.awt.datatransfer.SunClipboard.getData(SunClipboard.java:220)
	at com.mercury.platform.core.ChatHelper.executeTradeMessage(ChatHelper.java:63)
	at com.mercury.platform.core.ChatHelper.lambda$subscribe$2(ChatHelper.java:148)
	at rx.internal.util.ActionSubscriber.onNext(ActionSubscriber.java:39)
	at rx.observers.SafeSubscriber.onNext(SafeSubscriber.java:134)
	at rx.subjects.PublishSubject$PublishSubjectProducer.onNext(PublishSubject.java:304)
	at rx.subjects.PublishSubject$PublishSubjectState.onNext(PublishSubject.java:219)
	at rx.subjects.PublishSubject.onNext(PublishSubject.java:72)
	at com.mercury.platform.shared.wh.WhisperHelperHandler.lambda$null$0(WhisperHelperHandler.java:15)
	at javax.swing.Timer.fireActionPerformed(Timer.java:313)
	at javax.swing.Timer$DoPostEvent.run(Timer.java:245)
	at java.awt.event.InvocationEvent.dispatch(InvocationEvent.java:311)
	at java.awt.EventQueue.dispatchEventImpl(EventQueue.java:756)
	at java.awt.EventQueue.access$500(EventQueue.java:97)
	at java.awt.EventQueue$3.run(EventQueue.java:709)
	at java.awt.EventQueue$3.run(EventQueue.java:703)
	at java.security.AccessController.doPrivileged(Native Method)
	at java.security.ProtectionDomain$JavaSecurityAccessImpl.doIntersectionPrivilege(ProtectionDomain.java:80)
	at java.awt.EventQueue.dispatchEvent(EventQueue.java:726)
	at java.awt.EventDispatchThread.pumpOneEventForFilters(EventDispatchThread.java:201)
	at java.awt.EventDispatchThread.pumpEventsForFilter(EventDispatchThread.java:116)
	at java.awt.EventDispatchThread.pumpEventsForHierarchy(EventDispatchThread.java:105)
	at java.awt.EventDispatchThread.pumpEvents(EventDispatchThread.java:101)
	at java.awt.EventDispatchThread.pumpEvents(EventDispatchThread.java:93)
	at java.awt.EventDispatchThread.run(EventDispatchThread.java:82)

2019-05-04 08:50:45.981 [AWT-EventQueue-0] ERROR ErrorHandler - null
java.awt.datatransfer.UnsupportedFlavorException: Unicode String
	at sun.awt.datatransfer.SunClipboard.getData(SunClipboard.java:220)
	at com.mercury.platform.core.ChatHelper.executeTradeMessage(ChatHelper.java:63)
	at com.mercury.platform.core.ChatHelper.lambda$subscribe$2(ChatHelper.java:148)
	at rx.internal.util.ActionSubscriber.onNext(ActionSubscriber.java:39)
	at rx.observers.SafeSubscriber.onNext(SafeSubscriber.java:134)
	at rx.subjects.PublishSubject$PublishSubjectProducer.onNext(PublishSubject.java:304)
	at rx.subjects.PublishSubject$PublishSubjectState.onNext(PublishSubject.java:219)
	at rx.subjects.PublishSubject.onNext(PublishSubject.java:72)
	at com.mercury.platform.shared.wh.WhisperHelperHandler.lambda$null$0(WhisperHelperHandler.java:15)
	at javax.swing.Timer.fireActionPerformed(Timer.java:313)
	at javax.swing.Timer$DoPostEvent.run(Timer.java:245)
	at java.awt.event.InvocationEvent.dispatch(InvocationEvent.java:311)
	at java.awt.EventQueue.dispatchEventImpl(EventQueue.java:756)
	at java.awt.EventQueue.access$500(EventQueue.java:97)
	at java.awt.EventQueue$3.run(EventQueue.java:709)
	at java.awt.EventQueue$3.run(EventQueue.java:703)
	at java.security.AccessController.doPrivileged(Native Method)
	at java.security.ProtectionDomain$JavaSecurityAccessImpl.doIntersectionPrivilege(ProtectionDomain.java:80)
	at java.awt.EventQueue.dispatchEvent(EventQueue.java:726)
	at java.awt.EventDispatchThread.pumpOneEventForFilters(EventDispatchThread.java:201)
	at java.awt.EventDispatchThread.pumpEventsForFilter(EventDispatchThread.java:116)
	at java.awt.EventDispatchThread.pumpEventsForHierarchy(EventDispatchThread.java:105)
	at java.awt.EventDispatchThread.pumpEvents(EventDispatchThread.java:101)
	at java.awt.EventDispatchThread.pumpEvents(EventDispatchThread.java:93)
	at java.awt.EventDispatchThread.run(EventDispatchThread.java:82)

2019-05-04 20:17:52.605 [AWT-EventQueue-0] ERROR ErrorHandler - null
java.awt.datatransfer.UnsupportedFlavorException: Unicode String
	at sun.awt.datatransfer.SunClipboard.getData(SunClipboard.java:220)
	at com.mercury.platform.core.ChatHelper.executeTradeMessage(ChatHelper.java:63)
	at com.mercury.platform.core.ChatHelper.lambda$subscribe$2(ChatHelper.java:148)
	at rx.internal.util.ActionSubscriber.onNext(ActionSubscriber.java:39)
	at rx.observers.SafeSubscriber.onNext(SafeSubscriber.java:134)
	at rx.subjects.PublishSubject$PublishSubjectProducer.onNext(PublishSubject.java:304)
	at rx.subjects.PublishSubject$PublishSubjectState.onNext(PublishSubject.java:219)
	at rx.subjects.PublishSubject.onNext(PublishSubject.java:72)
	at com.mercury.platform.shared.wh.WhisperHelperHandler.lambda$null$0(WhisperHelperHandler.java:15)
	at javax.swing.Timer.fireActionPerformed(Timer.java:313)
	at javax.swing.Timer$DoPostEvent.run(Timer.java:245)
	at java.awt.event.InvocationEvent.dispatch(InvocationEvent.java:311)
	at java.awt.EventQueue.dispatchEventImpl(EventQueue.java:756)
	at java.awt.EventQueue.access$500(EventQueue.java:97)
	at java.awt.EventQueue$3.run(EventQueue.java:709)
	at java.awt.EventQueue$3.run(EventQueue.java:703)
	at java.security.AccessController.doPrivileged(Native Method)
	at java.security.ProtectionDomain$JavaSecurityAccessImpl.doIntersectionPrivilege(ProtectionDomain.java:80)
	at java.awt.EventQueue.dispatchEvent(EventQueue.java:726)
	at java.awt.EventDispatchThread.pumpOneEventForFilters(EventDispatchThread.java:201)
	at java.awt.EventDispatchThread.pumpEventsForFilter(EventDispatchThread.java:116)
	at java.awt.EventDispatchThread.pumpEventsForHierarchy(EventDispatchThread.java:105)
	at java.awt.EventDispatchThread.pumpEvents(EventDispatchThread.java:101)
	at java.awt.EventDispatchThread.pumpEvents(EventDispatchThread.java:93)
	at java.awt.EventDispatchThread.run(EventDispatchThread.java:82)

2019-05-04 20:18:07.902 [AWT-EventQueue-0] ERROR ErrorHandler - null
java.awt.datatransfer.UnsupportedFlavorException: Unicode String
	at sun.awt.datatransfer.SunClipboard.getData(SunClipboard.java:220)
	at com.mercury.platform.core.ChatHelper.executeTradeMessage(ChatHelper.java:63)
	at com.mercury.platform.core.ChatHelper.lambda$subscribe$2(ChatHelper.java:148)
	at rx.internal.util.ActionSubscriber.onNext(ActionSubscriber.java:39)
	at rx.observers.SafeSubscriber.onNext(SafeSubscriber.java:134)
	at rx.subjects.PublishSubject$PublishSubjectProducer.onNext(PublishSubject.java:304)
	at rx.subjects.PublishSubject$PublishSubjectState.onNext(PublishSubject.java:219)
	at rx.subjects.PublishSubject.onNext(PublishSubject.java:72)
	at com.mercury.platform.shared.wh.WhisperHelperHandler.lambda$null$0(WhisperHelperHandler.java:15)
	at javax.swing.Timer.fireActionPerformed(Timer.java:313)
	at javax.swing.Timer$DoPostEvent.run(Timer.java:245)
	at java.awt.event.InvocationEvent.dispatch(InvocationEvent.java:311)
	at java.awt.EventQueue.dispatchEventImpl(EventQueue.java:756)
	at java.awt.EventQueue.access$500(EventQueue.java:97)
	at java.awt.EventQueue$3.run(EventQueue.java:709)
	at java.awt.EventQueue$3.run(EventQueue.java:703)
	at java.security.AccessController.doPrivileged(Native Method)
	at java.security.ProtectionDomain$JavaSecurityAccessImpl.doIntersectionPrivilege(ProtectionDomain.java:80)
	at java.awt.EventQueue.dispatchEvent(EventQueue.java:726)
	at java.awt.EventDispatchThread.pumpOneEventForFilters(EventDispatchThread.java:201)
	at java.awt.EventDispatchThread.pumpEventsForFilter(EventDispatchThread.java:116)
	at java.awt.EventDispatchThread.pumpEventsForHierarchy(EventDispatchThread.java:105)
	at java.awt.EventDispatchThread.pumpEvents(EventDispatchThread.java:101)
	at java.awt.EventDispatchThread.pumpEvents(EventDispatchThread.java:93)
	at java.awt.EventDispatchThread.run(EventDispatchThread.java:82)

2019-05-04 20:18:19.457 [AWT-EventQueue-0] ERROR ErrorHandler - null
java.awt.datatransfer.UnsupportedFlavorException: Unicode String
	at sun.awt.datatransfer.SunClipboard.getData(SunClipboard.java:220)
	at com.mercury.platform.core.ChatHelper.executeTradeMessage(ChatHelper.java:63)
	at com.mercury.platform.core.ChatHelper.lambda$subscribe$2(ChatHelper.java:148)
	at rx.internal.util.ActionSubscriber.onNext(ActionSubscriber.java:39)
	at rx.observers.SafeSubscriber.onNext(SafeSubscriber.java:134)
	at rx.subjects.PublishSubject$PublishSubjectProducer.onNext(PublishSubject.java:304)
	at rx.subjects.PublishSubject$PublishSubjectState.onNext(PublishSubject.java:219)
	at rx.subjects.PublishSubject.onNext(PublishSubject.java:72)
	at com.mercury.platform.shared.wh.WhisperHelperHandler.lambda$null$0(WhisperHelperHandler.java:15)
	at javax.swing.Timer.fireActionPerformed(Timer.java:313)
	at javax.swing.Timer$DoPostEvent.run(Timer.java:245)
	at java.awt.event.InvocationEvent.dispatch(InvocationEvent.java:311)
	at java.awt.EventQueue.dispatchEventImpl(EventQueue.java:756)
	at java.awt.EventQueue.access$500(EventQueue.java:97)
	at java.awt.EventQueue$3.run(EventQueue.java:709)
	at java.awt.EventQueue$3.run(EventQueue.java:703)
	at java.security.AccessController.doPrivileged(Native Method)
	at java.security.ProtectionDomain$JavaSecurityAccessImpl.doIntersectionPrivilege(ProtectionDomain.java:80)
	at java.awt.EventQueue.dispatchEvent(EventQueue.java:726)
	at java.awt.EventDispatchThread.pumpOneEventForFilters(EventDispatchThread.java:201)
	at java.awt.EventDispatchThread.pumpEventsForFilter(EventDispatchThread.java:116)
	at java.awt.EventDispatchThread.pumpEventsForHierarchy(EventDispatchThread.java:105)
	at java.awt.EventDispatchThread.pumpEvents(EventDispatchThread.java:101)
	at java.awt.EventDispatchThread.pumpEvents(EventDispatchThread.java:93)
	at java.awt.EventDispatchThread.run(EventDispatchThread.java:82)

2019-05-04 20:19:19.223 [AWT-EventQueue-0] ERROR ErrorHandler - null
java.awt.datatransfer.UnsupportedFlavorException: Unicode String
	at sun.awt.datatransfer.SunClipboard.getData(SunClipboard.java:220)
	at com.mercury.platform.core.ChatHelper.executeTradeMessage(ChatHelper.java:63)
	at com.mercury.platform.core.ChatHelper.lambda$subscribe$2(ChatHelper.java:148)
	at rx.internal.util.ActionSubscriber.onNext(ActionSubscriber.java:39)
	at rx.observers.SafeSubscriber.onNext(SafeSubscriber.java:134)
	at rx.subjects.PublishSubject$PublishSubjectProducer.onNext(PublishSubject.java:304)
	at rx.subjects.PublishSubject$PublishSubjectState.onNext(PublishSubject.java:219)
	at rx.subjects.PublishSubject.onNext(PublishSubject.java:72)
	at com.mercury.platform.shared.wh.WhisperHelperHandler.lambda$null$0(WhisperHelperHandler.java:15)
	at javax.swing.Timer.fireActionPerformed(Timer.java:313)
	at javax.swing.Timer$DoPostEvent.run(Timer.java:245)
	at java.awt.event.InvocationEvent.dispatch(InvocationEvent.java:311)
	at java.awt.EventQueue.dispatchEventImpl(EventQueue.java:756)
	at java.awt.EventQueue.access$500(EventQueue.java:97)
	at java.awt.EventQueue$3.run(EventQueue.java:709)
	at java.awt.EventQueue$3.run(EventQueue.java:703)
	at java.security.AccessController.doPrivileged(Native Method)
	at java.security.ProtectionDomain$JavaSecurityAccessImpl.doIntersectionPrivilege(ProtectionDomain.java:80)
	at java.awt.EventQueue.dispatchEvent(EventQueue.java:726)
	at java.awt.EventDispatchThread.pumpOneEventForFilters(EventDispatchThread.java:201)
	at java.awt.EventDispatchThread.pumpEventsForFilter(EventDispatchThread.java:116)
	at java.awt.EventDispatchThread.pumpEventsForHierarchy(EventDispatchThread.java:105)
	at java.awt.EventDispatchThread.pumpEvents(EventDispatchThread.java:101)
	at java.awt.EventDispatchThread.pumpEvents(EventDispatchThread.java:93)
	at java.awt.EventDispatchThread.run(EventDispatchThread.java:82)

